#
# A fatal error has been detected by the Java Runtime Environment:
#
#  EXCEPTION_ACCESS_VIOLATION (0xc0000005) at pc=0x00007ffdce67fcd3, pid=24900, tid=25180
#
# JRE version: Java(TM) SE Runtime Environment 18.9 (11.0.18+9) (build 11.0.18+9-LTS-195)
# Java VM: Java HotSpot(TM) 64-Bit Server VM 18.9 (11.0.18+9-LTS-195, mixed mode, tiered, compressed oops, g1 gc, windows-amd64)
# Problematic frame:
# V  [jvm.dll+0x1ffcd3]
#
# No core dump will be written. Minidumps are not enabled by default on client versions of Windows
#
# If you would like to submit a bug report, please visit:
#   https://bugreport.java.com/bugreport/crash.jsp
#

---------------  S U M M A R Y ------------

Command Line: -Dcom.sun.management.jmxremote -Dcom.sun.management.jmxremote.port=10844 -Dcom.sun.management.jmxremote.authenticate=false -Dcom.sun.management.jmxremote.ssl=false -Djava.rmi.server.hostname=localhost -Dspring.jmx.enabled=true -Dspring.liveBeansView.mbeanDomain -Dspring.application.admin.enabled=true -XX:TieredStopAtLevel=1 -Dspring.boot.project.name=SpringNCPAi -Dfile.encoding=UTF-8 com.multicamp.demo.SpringNcpAiApplication --spring.output.ansi.enabled=always

Host: Intel(R) Core(TM) i5-6200U CPU @ 2.30GHz, 4 cores, 7G,  Windows 10 , 64 bit Build 19041 (10.0.19041.2913)
Time: Tue Jun 13 13:07:02 2023  Windows 10 , 64 bit Build 19041 (10.0.19041.2913) elapsed time: 8.502803 seconds (0d 0h 0m 8s)

---------------  T H R E A D  ---------------

Current thread (0x000001979a652000):  ConcurrentGCThread "G1 Conc#0" [stack: 0x0000007670c00000,0x0000007670d00000] [id=25180]

Stack: [0x0000007670c00000,0x0000007670d00000],  sp=0x0000007670cff8d0,  free space=1022k
Native frames: (J=compiled Java code, j=interpreted, Vv=VM code, C=native code)
V  [jvm.dll+0x1ffcd3]
V  [jvm.dll+0x2f3a9c]
V  [jvm.dll+0x2fbed4]
V  [jvm.dll+0x7ceb10]
V  [jvm.dll+0x75c924]
V  [jvm.dll+0x65c755]
C  [ucrtbase.dll+0x21bb2]
C  [KERNEL32.DLL+0x17614]
C  [ntdll.dll+0x526a1]


siginfo: EXCEPTION_ACCESS_VIOLATION (0xc0000005), reading address 0x0000000000000160


Register to memory mapping:

RIP=0x00007ffdce67fcd3 jvm.dll
RAX=0x0 is NULL
RBX=0x00000000881a6d18 is pointing into object: [Ljava.lang.Object; 
{0x00000000881a6cf8} - klass: 'java/lang/Object'[]
 - length: 12
RCX=0x000001979a646020 points into unknown readable memory: 0x000001979a64e800 | 00 e8 64 9a 97 01 00 00
RDX=0x0 is NULL
RSP=0x0000007670cff8d0 points into unknown readable memory: 0x00000000881a3400 | 00 34 1a 88 00 00 00 00
RBP=0x0 is NULL
RSI=0x0000007670cff970 points into unknown readable memory: 0x00007ffdced22db8 | b8 2d d2 ce fd 7f 00 00
RDI=0x0000000000000020 is an unknown value
R8 =0x0 is NULL
R9 =0x0000000000000020 is an unknown value
R10=0x000001979a646020 points into unknown readable memory: 0x000001979a64e800 | 00 e8 64 9a 97 01 00 00
R11=0x0000007670cff970 points into unknown readable memory: 0x00007ffdced22db8 | b8 2d d2 ce fd 7f 00 00
R12=0x0 is NULL
R13=0x00007ffdceeb1310 jvm.dll
R14=0x000001979a6460c8 points into unknown readable memory: 0x000001979a617638 | 38 76 61 9a 97 01 00 00
R15=0x000001979a646020 points into unknown readable memory: 0x000001979a64e800 | 00 e8 64 9a 97 01 00 00


Registers:
RAX=0x0000000000000000, RBX=0x00000000881a6d18, RCX=0x000001979a646020, RDX=0x0000000000000000
RSP=0x0000007670cff8d0, RBP=0x0000000000000000, RSI=0x0000007670cff970, RDI=0x0000000000000020
R8 =0x0000000000000000, R9 =0x0000000000000020, R10=0x000001979a646020, R11=0x0000007670cff970
R12=0x0000000000000000, R13=0x00007ffdceeb1310, R14=0x000001979a6460c8, R15=0x000001979a646020
RIP=0x00007ffdce67fcd3, EFLAGS=0x0000000000010202

Top of Stack: (sp=0x0000007670cff8d0)
0x0000007670cff8d0:   00000000881a3400 0000000000000000
0x0000007670cff8e0:   0000000100002310 0000000000000000
0x0000007670cff8f0:   0000007670bff830 0000000000000000
0x0000007670cff900:   00000000881a6d38 00007ffdce773a9c
0x0000007670cff910:   0000000100013190 0000007670cff970
0x0000007670cff920:   0000000000000000 000001979a6460c8
0x0000007670cff930:   0000000000000000 000001979a6460c8
0x0000007670cff940:   0000000000000008 00007ffdce77bed4
0x0000007670cff950:   0000000088200000 0000000100013190
0x0000007670cff960:   00000000881a6cf8 000000000000000f
0x0000007670cff970:   00007ffdced22db8 0000000000000000
0x0000007670cff980:   000001979a617170 000001979a646020
0x0000007670cff990:   0000000000000000 00007ffdcec4f02b
0x0000007670cff9a0:   0000000000000000 00000000000075a3
0x0000007670cff9b0:   0000000000000000 000001979a652000
0x0000007670cff9c0:   0000000000000000 00007ffdcec4eb10 

Instructions: (pc=0x00007ffdce67fcd3)
0x00007ffdce67fcb3:   30 5f c3 cc cc cc cc cc cc cc cc cc cc 40 57 41
0x00007ffdce67fcc3:   54 41 57 48 83 ec 20 49 8b f9 44 8b e2 4c 8b f9
0x00007ffdce67fcd3:   4d 3b 88 60 01 00 00 72 0c 32 c0 48 83 c4 20 41
0x00007ffdce67fce3:   5f 41 5c 5f c3 48 8b 81 90 00 00 00 48 8b d7 48 


Stack slot to memory mapping:
stack at sp + 0 slots: 0x00000000881a3400 is an oop: java.lang.invoke.LambdaFormEditor$Transform 
{0x00000000881a3400} - klass: 'java/lang/invoke/LambdaFormEditor$Transform'
 - ---- fields (total size 7 words):
 - private strict 'referent' 'Ljava/lang/Object;' @12  a 'java/lang/invoke/LambdaForm'{0x00000000881a3438} => a 'java/lang/invoke/MemberName'{0x00000000881a3730} = {method} {0x00000197bae1e330} 'invoke' '(Ljava/lang/Object;Ljava/lang/Object;Ljava/lang/Object;Ljava/lang/Object;)Ljava/lang/Object;' in 'java/lang/invoke/LambdaForm$MH' (881a3438)
 - volatile strict 'queue' 'Ljava/lang/ref/ReferenceQueue;' @16  a 'java/lang/ref/ReferenceQueue$Null'{0x000000008259ae98} (8259ae98)
 - volatile 'next' 'Ljava/lang/ref/Reference;' @20  NULL (0)
 - private transient strict 'discovered' 'Ljava/lang/ref/Reference;' @24  NULL (0)
 - private 'timestamp' 'J' @32  154910685 (93bbfdd 0)
 - final 'packedBytes' 'J' @40  21 (15 0)
 - final 'fullBytes' '[B' @48  NULL (0)
stack at sp + 1 slots: 0x0 is NULL
stack at sp + 2 slots: 0x0000000100002310 is a pointer to class: 
java.lang.Cloneable {0x0000000100002318}
 - instance size:     2
 - klass size:        64
 - access:            public interface abstract 
 - state:             linked
 - name:              'java/lang/Cloneable'
 - super:             'java/lang/Object'
 - sub:               
 - nof implementors:  2
 - arrays:            'java/lang/Cloneable'[]
 - methods:           Array<T>(0x00000197b7ce0088)
 - method ordering:   Array<T>(0x00000197b7ce0058)
 - default_methods:   Array<T>(0x0000000000000000)
 - local interfaces:  Array<T>(0x00000197b7ce00a0)
 - trans. interfaces: Array<T>(0x00000197b7ce00a0)
 - constants:         constant pool [7] {0x00000197b7cf78d8} for 'java/lang/Cloneable' cache=0x00000197b7dfec68
 - class loader data:  loader data: 0x00000197b7b323d0 of 'bootstrap'
 - host class:        NULL
 - source file:       'Cloneable.java'
 - class annotations:       Array<T>(0x0000000000000000)
 - class type annotations:  Array<T>(0x0000000000000000)
 - field annotations:       Array<T>(0x0000000000000000)
 - field type annotations:  Array<T>(0x0000000000000000)
 - inner classes:     Array<T>(0x00000197b7ce0070)
 - nest members:     Array<T>(0x00000197b7ce0070)
 - java mirror:       a 'java/lang/Class'{0x0000000082522400} = 'java/lang/Cloneable'
 - vtable length      5  (start addr: 0x00000001000024e0)
 - itable length      0 (start addr: 0x0000000100002508)
 - ---- static fields (0 words):
 - ---- non-static fields (0 words):
 - non-static oop maps: 
stack at sp + 3 slots: 0x0 is NULL
stack at sp + 4 slots: 0x0000007670bff830 points into unknown readable memory: 0x00007ffdced23448 | 48 34 d2 ce fd 7f 00 00
stack at sp + 5 slots: 0x0 is NULL
stack at sp + 6 slots: 0x00000000881a6d38 is an oop: [Ljava.lang.Object; 
{0x00000000881a6d38} - klass: 'java/lang/Object'[]
 - length: 6
stack at sp + 7 slots: 0x00007ffdce773a9c jvm.dll


---------------  P R O C E S S  ---------------

Threads class SMR info:
_java_thread_list=0x00000197b9c7f8b0, length=15, elements={
0x000001979a608800, 0x00000197b7ca0800, 0x00000197b7ca9800, 0x00000197b7ccc000,
0x00000197b7cd0000, 0x00000197b852e800, 0x00000197b7cd6000, 0x00000197b8530000,
0x00000197b852d000, 0x00000197b852c000, 0x00000197b8532800, 0x00000197b8531000,
0x00000197b852e000, 0x00000197b852f800, 0x00000197b8532000
}

Java Threads: ( => current thread )
  0x000001979a608800 JavaThread "main" [_thread_blocked, id=28100, stack(0x0000007670900000,0x0000007670a00000)]
  0x00000197b7ca0800 JavaThread "Reference Handler" daemon [_thread_blocked, id=17008, stack(0x0000007671000000,0x0000007671100000)]
  0x00000197b7ca9800 JavaThread "Finalizer" daemon [_thread_blocked, id=13636, stack(0x0000007671100000,0x0000007671200000)]
  0x00000197b7ccc000 JavaThread "Signal Dispatcher" daemon [_thread_blocked, id=15516, stack(0x0000007671200000,0x0000007671300000)]
  0x00000197b7cd0000 JavaThread "Attach Listener" daemon [_thread_blocked, id=27408, stack(0x0000007671300000,0x0000007671400000)]
  0x00000197b852e800 JavaThread "Service Thread" daemon [_thread_blocked, id=15868, stack(0x0000007671400000,0x0000007671500000)]
  0x00000197b7cd6000 JavaThread "C1 CompilerThread0" daemon [_thread_blocked, id=23016, stack(0x0000007671500000,0x0000007671600000)]
  0x00000197b8530000 JavaThread "Sweeper thread" daemon [_thread_blocked, id=20808, stack(0x0000007671600000,0x0000007671700000)]
  0x00000197b852d000 JavaThread "Common-Cleaner" daemon [_thread_blocked, id=14188, stack(0x0000007671700000,0x0000007671800000)]
  0x00000197b852c000 JavaThread "RMI TCP Accept-0" daemon [_thread_in_native, id=14420, stack(0x0000007671800000,0x0000007671900000)]
  0x00000197b8532800 JavaThread "RMI TCP Accept-10844" daemon [_thread_in_native, id=24976, stack(0x0000007671900000,0x0000007671a00000)]
  0x00000197b8531000 JavaThread "RMI TCP Accept-0" daemon [_thread_in_native, id=26432, stack(0x0000007671a00000,0x0000007671b00000)]
  0x00000197b852e000 JavaThread "Thread-0" [_thread_blocked, id=24540, stack(0x0000007671f00000,0x0000007672000000)]
  0x00000197b852f800 JavaThread "restartedMain" [_thread_blocked, id=6176, stack(0x0000007672000000,0x0000007672100000)]
  0x00000197b8532000 JavaThread "background-preinit" [_thread_in_vm, id=26568, stack(0x0000007672200000,0x0000007672300000)]

Other Threads:
  0x00000197b7c7a000 VMThread "VM Thread" [stack: 0x0000007670f00000,0x0000007671000000] [id=18648]
  0x00000197b8ce2800 WatcherThread [stack: 0x0000007671b00000,0x0000007671c00000] [id=6720]
  0x000001979a61d800 GCTaskThread "GC Thread#0" [stack: 0x0000007670a00000,0x0000007670b00000] [id=6932]
  0x00000197b8d20000 GCTaskThread "GC Thread#1" [stack: 0x0000007671c00000,0x0000007671d00000] [id=25328]
  0x00000197b8d20800 GCTaskThread "GC Thread#2" [stack: 0x0000007671d00000,0x0000007671e00000] [id=21188]
  0x00000197b9b5d800 GCTaskThread "GC Thread#3" [stack: 0x0000007672100000,0x0000007672200000] [id=26444]
  0x000001979a64e800 ConcurrentGCThread "G1 Main Marker" [stack: 0x0000007670b00000,0x0000007670c00000] [id=25536]
=>0x000001979a652000 ConcurrentGCThread "G1 Conc#0" [stack: 0x0000007670c00000,0x0000007670d00000] [id=25180]
  0x00000197b7af0800 ConcurrentGCThread "G1 Refine#0" [stack: 0x0000007670d00000,0x0000007670e00000] [id=27140]
  0x00000197b8d28800 ConcurrentGCThread "G1 Refine#1" [stack: 0x0000007671e00000,0x0000007671f00000] [id=15048]
  0x00000197b7af1000 ConcurrentGCThread "G1 Young RemSet Sampling" [stack: 0x0000007670e00000,0x0000007670f00000] [id=13364]

Threads with active compile tasks:

VM state:synchronizing (normal execution)

VM Mutex/Monitor currently owned by a thread:  ([mutex/lock_event])
[0x000001979a603f10] Threads_lock - owner thread: 0x00000197b7c7a000
[0x000001979a605230] Heap_lock - owner thread: 0x00000197b852f800

Heap address: 0x0000000082200000, size: 2014 MB, Compressed Oops mode: 32-bit
Narrow klass base: 0x0000000000000000, Narrow klass shift: 3
Compressed class space size: 1073741824 Address: 0x0000000100000000

Heap:
 garbage-first heap   total 129024K, used 15793K [0x0000000082200000, 0x0000000100000000)
  region size 1024K, 11 young (11264K), 3 survivors (3072K)
 Metaspace       used 21535K, capacity 22173K, committed 22216K, reserved 1069056K
  class space    used 2540K, capacity 2815K, committed 2816K, reserved 1048576K
Heap Regions: E=young(eden), S=young(survivor), O=old, HS=humongous(starts), HC=humongous(continues), CS=collection set, F=free, A=archive, TAMS=top-at-mark-start (previous, next)
|   0|0x0000000082200000, 0x0000000082300000, 0x0000000082300000|100%| O|  |TAMS 0x0000000082200000, 0x0000000082300000| Untracked 
|   1|0x0000000082300000, 0x0000000082400000, 0x0000000082400000|100%| O|  |TAMS 0x0000000082300000, 0x0000000082400000| Untracked 
|   2|0x0000000082400000, 0x0000000082500000, 0x0000000082500000|100%| O|  |TAMS 0x0000000082400000, 0x0000000082500000| Untracked 
|   3|0x0000000082500000, 0x0000000082600000, 0x0000000082600000|100%| O|  |TAMS 0x0000000082500000, 0x0000000082600000| Untracked 
|   4|0x0000000082600000, 0x0000000082700000, 0x0000000082700000|100%| O|  |TAMS 0x0000000082600000, 0x0000000082700000| Untracked 
|   5|0x0000000082700000, 0x00000000827bae00, 0x0000000082800000| 72%| O|  |TAMS 0x0000000082700000, 0x00000000827bae00| Untracked 
|   6|0x0000000082800000, 0x0000000082800000, 0x0000000082900000|  0%| F|  |TAMS 0x0000000082800000, 0x0000000082800000| Untracked 
|   7|0x0000000082900000, 0x0000000082900000, 0x0000000082a00000|  0%| F|  |TAMS 0x0000000082900000, 0x0000000082900000| Untracked 
|   8|0x0000000082a00000, 0x0000000082a00000, 0x0000000082b00000|  0%| F|  |TAMS 0x0000000082a00000, 0x0000000082a00000| Untracked 
|   9|0x0000000082b00000, 0x0000000082b00000, 0x0000000082c00000|  0%| F|  |TAMS 0x0000000082b00000, 0x0000000082b00000| Untracked 
|  10|0x0000000082c00000, 0x0000000082c00000, 0x0000000082d00000|  0%| F|  |TAMS 0x0000000082c00000, 0x0000000082c00000| Untracked 
|  11|0x0000000082d00000, 0x0000000082d00000, 0x0000000082e00000|  0%| F|  |TAMS 0x0000000082d00000, 0x0000000082d00000| Untracked 
|  12|0x0000000082e00000, 0x0000000082e00000, 0x0000000082f00000|  0%| F|  |TAMS 0x0000000082e00000, 0x0000000082e00000| Untracked 
|  13|0x0000000082f00000, 0x0000000082f00000, 0x0000000083000000|  0%| F|  |TAMS 0x0000000082f00000, 0x0000000082f00000| Untracked 
|  14|0x0000000083000000, 0x0000000083000000, 0x0000000083100000|  0%| F|  |TAMS 0x0000000083000000, 0x0000000083000000| Untracked 
|  15|0x0000000083100000, 0x0000000083100000, 0x0000000083200000|  0%| F|  |TAMS 0x0000000083100000, 0x0000000083100000| Untracked 
|  16|0x0000000083200000, 0x0000000083200000, 0x0000000083300000|  0%| F|  |TAMS 0x0000000083200000, 0x0000000083200000| Untracked 
|  17|0x0000000083300000, 0x0000000083300000, 0x0000000083400000|  0%| F|  |TAMS 0x0000000083300000, 0x0000000083300000| Untracked 
|  18|0x0000000083400000, 0x0000000083400000, 0x0000000083500000|  0%| F|  |TAMS 0x0000000083400000, 0x0000000083400000| Untracked 
|  19|0x0000000083500000, 0x0000000083500000, 0x0000000083600000|  0%| F|  |TAMS 0x0000000083500000, 0x0000000083500000| Untracked 
|  20|0x0000000083600000, 0x0000000083600000, 0x0000000083700000|  0%| F|  |TAMS 0x0000000083600000, 0x0000000083600000| Untracked 
|  21|0x0000000083700000, 0x0000000083700000, 0x0000000083800000|  0%| F|  |TAMS 0x0000000083700000, 0x0000000083700000| Untracked 
|  22|0x0000000083800000, 0x0000000083800000, 0x0000000083900000|  0%| F|  |TAMS 0x0000000083800000, 0x0000000083800000| Untracked 
|  23|0x0000000083900000, 0x0000000083900000, 0x0000000083a00000|  0%| F|  |TAMS 0x0000000083900000, 0x0000000083900000| Untracked 
|  24|0x0000000083a00000, 0x0000000083a00000, 0x0000000083b00000|  0%| F|  |TAMS 0x0000000083a00000, 0x0000000083a00000| Untracked 
|  25|0x0000000083b00000, 0x0000000083b00000, 0x0000000083c00000|  0%| F|  |TAMS 0x0000000083b00000, 0x0000000083b00000| Untracked 
|  26|0x0000000083c00000, 0x0000000083c00000, 0x0000000083d00000|  0%| F|  |TAMS 0x0000000083c00000, 0x0000000083c00000| Untracked 
|  27|0x0000000083d00000, 0x0000000083d00000, 0x0000000083e00000|  0%| F|  |TAMS 0x0000000083d00000, 0x0000000083d00000| Untracked 
|  28|0x0000000083e00000, 0x0000000083e00000, 0x0000000083f00000|  0%| F|  |TAMS 0x0000000083e00000, 0x0000000083e00000| Untracked 
|  29|0x0000000083f00000, 0x0000000083f00000, 0x0000000084000000|  0%| F|  |TAMS 0x0000000083f00000, 0x0000000083f00000| Untracked 
|  30|0x0000000084000000, 0x0000000084000000, 0x0000000084100000|  0%| F|  |TAMS 0x0000000084000000, 0x0000000084000000| Untracked 
|  31|0x0000000084100000, 0x0000000084100000, 0x0000000084200000|  0%| F|  |TAMS 0x0000000084100000, 0x0000000084100000| Untracked 
|  32|0x0000000084200000, 0x0000000084200000, 0x0000000084300000|  0%| F|  |TAMS 0x0000000084200000, 0x0000000084200000| Untracked 
|  33|0x0000000084300000, 0x0000000084300000, 0x0000000084400000|  0%| F|  |TAMS 0x0000000084300000, 0x0000000084300000| Untracked 
|  34|0x0000000084400000, 0x0000000084400000, 0x0000000084500000|  0%| F|  |TAMS 0x0000000084400000, 0x0000000084400000| Untracked 
|  35|0x0000000084500000, 0x0000000084500000, 0x0000000084600000|  0%| F|  |TAMS 0x0000000084500000, 0x0000000084500000| Untracked 
|  36|0x0000000084600000, 0x0000000084600000, 0x0000000084700000|  0%| F|  |TAMS 0x0000000084600000, 0x0000000084600000| Untracked 
|  37|0x0000000084700000, 0x0000000084700000, 0x0000000084800000|  0%| F|  |TAMS 0x0000000084700000, 0x0000000084700000| Untracked 
|  38|0x0000000084800000, 0x0000000084800000, 0x0000000084900000|  0%| F|  |TAMS 0x0000000084800000, 0x0000000084800000| Untracked 
|  39|0x0000000084900000, 0x0000000084900000, 0x0000000084a00000|  0%| F|  |TAMS 0x0000000084900000, 0x0000000084900000| Untracked 
|  40|0x0000000084a00000, 0x0000000084a00000, 0x0000000084b00000|  0%| F|  |TAMS 0x0000000084a00000, 0x0000000084a00000| Untracked 
|  41|0x0000000084b00000, 0x0000000084b00000, 0x0000000084c00000|  0%| F|  |TAMS 0x0000000084b00000, 0x0000000084b00000| Untracked 
|  42|0x0000000084c00000, 0x0000000084c00000, 0x0000000084d00000|  0%| F|  |TAMS 0x0000000084c00000, 0x0000000084c00000| Untracked 
|  43|0x0000000084d00000, 0x0000000084d00000, 0x0000000084e00000|  0%| F|  |TAMS 0x0000000084d00000, 0x0000000084d00000| Untracked 
|  44|0x0000000084e00000, 0x0000000084e00000, 0x0000000084f00000|  0%| F|  |TAMS 0x0000000084e00000, 0x0000000084e00000| Untracked 
|  45|0x0000000084f00000, 0x0000000084f00000, 0x0000000085000000|  0%| F|  |TAMS 0x0000000084f00000, 0x0000000084f00000| Untracked 
|  46|0x0000000085000000, 0x0000000085000000, 0x0000000085100000|  0%| F|  |TAMS 0x0000000085000000, 0x0000000085000000| Untracked 
|  47|0x0000000085100000, 0x0000000085100000, 0x0000000085200000|  0%| F|  |TAMS 0x0000000085100000, 0x0000000085100000| Untracked 
|  48|0x0000000085200000, 0x0000000085200000, 0x0000000085300000|  0%| F|  |TAMS 0x0000000085200000, 0x0000000085200000| Untracked 
|  49|0x0000000085300000, 0x0000000085300000, 0x0000000085400000|  0%| F|  |TAMS 0x0000000085300000, 0x0000000085300000| Untracked 
|  50|0x0000000085400000, 0x0000000085400000, 0x0000000085500000|  0%| F|  |TAMS 0x0000000085400000, 0x0000000085400000| Untracked 
|  51|0x0000000085500000, 0x0000000085500000, 0x0000000085600000|  0%| F|  |TAMS 0x0000000085500000, 0x0000000085500000| Untracked 
|  52|0x0000000085600000, 0x0000000085600000, 0x0000000085700000|  0%| F|  |TAMS 0x0000000085600000, 0x0000000085600000| Untracked 
|  53|0x0000000085700000, 0x0000000085700000, 0x0000000085800000|  0%| F|  |TAMS 0x0000000085700000, 0x0000000085700000| Untracked 
|  54|0x0000000085800000, 0x0000000085800000, 0x0000000085900000|  0%| F|  |TAMS 0x0000000085800000, 0x0000000085800000| Untracked 
|  55|0x0000000085900000, 0x0000000085900000, 0x0000000085a00000|  0%| F|  |TAMS 0x0000000085900000, 0x0000000085900000| Untracked 
|  56|0x0000000085a00000, 0x0000000085a00000, 0x0000000085b00000|  0%| F|  |TAMS 0x0000000085a00000, 0x0000000085a00000| Untracked 
|  57|0x0000000085b00000, 0x0000000085b00000, 0x0000000085c00000|  0%| F|  |TAMS 0x0000000085b00000, 0x0000000085b00000| Untracked 
|  58|0x0000000085c00000, 0x0000000085c00000, 0x0000000085d00000|  0%| F|  |TAMS 0x0000000085c00000, 0x0000000085c00000| Untracked 
|  59|0x0000000085d00000, 0x0000000085d00000, 0x0000000085e00000|  0%| F|  |TAMS 0x0000000085d00000, 0x0000000085d00000| Untracked 
|  60|0x0000000085e00000, 0x0000000085e00000, 0x0000000085f00000|  0%| F|  |TAMS 0x0000000085e00000, 0x0000000085e00000| Untracked 
|  61|0x0000000085f00000, 0x0000000085f00000, 0x0000000086000000|  0%| F|  |TAMS 0x0000000085f00000, 0x0000000085f00000| Untracked 
|  62|0x0000000086000000, 0x0000000086000000, 0x0000000086100000|  0%| F|  |TAMS 0x0000000086000000, 0x0000000086000000| Untracked 
|  63|0x0000000086100000, 0x0000000086100000, 0x0000000086200000|  0%| F|  |TAMS 0x0000000086100000, 0x0000000086100000| Untracked 
|  64|0x0000000086200000, 0x0000000086200000, 0x0000000086300000|  0%| F|  |TAMS 0x0000000086200000, 0x0000000086200000| Untracked 
|  65|0x0000000086300000, 0x0000000086300000, 0x0000000086400000|  0%| F|  |TAMS 0x0000000086300000, 0x0000000086300000| Untracked 
|  66|0x0000000086400000, 0x0000000086400000, 0x0000000086500000|  0%| F|  |TAMS 0x0000000086400000, 0x0000000086400000| Untracked 
|  67|0x0000000086500000, 0x0000000086500000, 0x0000000086600000|  0%| F|  |TAMS 0x0000000086500000, 0x0000000086500000| Untracked 
|  68|0x0000000086600000, 0x0000000086600000, 0x0000000086700000|  0%| F|  |TAMS 0x0000000086600000, 0x0000000086600000| Untracked 
|  69|0x0000000086700000, 0x0000000086700000, 0x0000000086800000|  0%| F|  |TAMS 0x0000000086700000, 0x0000000086700000| Untracked 
|  70|0x0000000086800000, 0x0000000086800000, 0x0000000086900000|  0%| F|  |TAMS 0x0000000086800000, 0x0000000086800000| Untracked 
|  71|0x0000000086900000, 0x0000000086900000, 0x0000000086a00000|  0%| F|  |TAMS 0x0000000086900000, 0x0000000086900000| Untracked 
|  72|0x0000000086a00000, 0x0000000086a00000, 0x0000000086b00000|  0%| F|  |TAMS 0x0000000086a00000, 0x0000000086a00000| Untracked 
|  73|0x0000000086b00000, 0x0000000086b00000, 0x0000000086c00000|  0%| F|  |TAMS 0x0000000086b00000, 0x0000000086b00000| Untracked 
|  74|0x0000000086c00000, 0x0000000086c00000, 0x0000000086d00000|  0%| F|  |TAMS 0x0000000086c00000, 0x0000000086c00000| Untracked 
|  75|0x0000000086d00000, 0x0000000086d00000, 0x0000000086e00000|  0%| F|  |TAMS 0x0000000086d00000, 0x0000000086d00000| Untracked 
|  76|0x0000000086e00000, 0x0000000086e00000, 0x0000000086f00000|  0%| F|  |TAMS 0x0000000086e00000, 0x0000000086e00000| Untracked 
|  77|0x0000000086f00000, 0x0000000086f00000, 0x0000000087000000|  0%| F|  |TAMS 0x0000000086f00000, 0x0000000086f00000| Untracked 
|  78|0x0000000087000000, 0x0000000087000000, 0x0000000087100000|  0%| F|  |TAMS 0x0000000087000000, 0x0000000087000000| Untracked 
|  79|0x0000000087100000, 0x0000000087100000, 0x0000000087200000|  0%| F|  |TAMS 0x0000000087100000, 0x0000000087100000| Untracked 
|  80|0x0000000087200000, 0x0000000087200000, 0x0000000087300000|  0%| F|  |TAMS 0x0000000087200000, 0x0000000087200000| Untracked 
|  81|0x0000000087300000, 0x0000000087300000, 0x0000000087400000|  0%| F|  |TAMS 0x0000000087300000, 0x0000000087300000| Untracked 
|  82|0x0000000087400000, 0x0000000087400000, 0x0000000087500000|  0%| F|  |TAMS 0x0000000087400000, 0x0000000087400000| Untracked 
|  83|0x0000000087500000, 0x0000000087500000, 0x0000000087600000|  0%| F|  |TAMS 0x0000000087500000, 0x0000000087500000| Untracked 
|  84|0x0000000087600000, 0x0000000087600000, 0x0000000087700000|  0%| F|  |TAMS 0x0000000087600000, 0x0000000087600000| Untracked 
|  85|0x0000000087700000, 0x0000000087700000, 0x0000000087800000|  0%| F|  |TAMS 0x0000000087700000, 0x0000000087700000| Untracked 
|  86|0x0000000087800000, 0x0000000087800000, 0x0000000087900000|  0%| F|  |TAMS 0x0000000087800000, 0x0000000087800000| Untracked 
|  87|0x0000000087900000, 0x0000000087900000, 0x0000000087a00000|  0%| F|  |TAMS 0x0000000087900000, 0x0000000087900000| Untracked 
|  88|0x0000000087a00000, 0x0000000087a00000, 0x0000000087b00000|  0%| F|  |TAMS 0x0000000087a00000, 0x0000000087a00000| Untracked 
|  89|0x0000000087b00000, 0x0000000087b00000, 0x0000000087c00000|  0%| F|  |TAMS 0x0000000087b00000, 0x0000000087b00000| Untracked 
|  90|0x0000000087c00000, 0x0000000087c00000, 0x0000000087d00000|  0%| F|  |TAMS 0x0000000087c00000, 0x0000000087c00000| Untracked 
|  91|0x0000000087d00000, 0x0000000087d00000, 0x0000000087e00000|  0%| F|  |TAMS 0x0000000087d00000, 0x0000000087d00000| Untracked 
|  92|0x0000000087e00000, 0x0000000087e00000, 0x0000000087f00000|  0%| F|  |TAMS 0x0000000087e00000, 0x0000000087e00000| Untracked 
|  93|0x0000000087f00000, 0x0000000087fb1840, 0x0000000088000000| 69%| S|CS|TAMS 0x0000000087f00000, 0x0000000087f00000| Complete 
|  94|0x0000000088000000, 0x0000000088100000, 0x0000000088100000|100%| S|CS|TAMS 0x0000000088000000, 0x0000000088000000| Complete 
|  95|0x0000000088100000, 0x0000000088200000, 0x0000000088200000|100%| S|CS|TAMS 0x0000000088100000, 0x0000000088100000| Complete 
|  96|0x0000000088200000, 0x0000000088200000, 0x0000000088300000|  0%| F|  |TAMS 0x0000000088200000, 0x0000000088200000| Untracked 
|  97|0x0000000088300000, 0x0000000088300000, 0x0000000088400000|  0%| F|  |TAMS 0x0000000088300000, 0x0000000088300000| Untracked 
|  98|0x0000000088400000, 0x0000000088400000, 0x0000000088500000|  0%| F|  |TAMS 0x0000000088400000, 0x0000000088400000| Untracked 
|  99|0x0000000088500000, 0x0000000088500000, 0x0000000088600000|  0%| F|  |TAMS 0x0000000088500000, 0x0000000088500000| Untracked 
| 100|0x0000000088600000, 0x0000000088600000, 0x0000000088700000|  0%| F|  |TAMS 0x0000000088600000, 0x0000000088600000| Untracked 
| 101|0x0000000088700000, 0x0000000088700000, 0x0000000088800000|  0%| F|  |TAMS 0x0000000088700000, 0x0000000088700000| Untracked 
| 102|0x0000000088800000, 0x0000000088800000, 0x0000000088900000|  0%| F|  |TAMS 0x0000000088800000, 0x0000000088800000| Untracked 
| 103|0x0000000088900000, 0x0000000088900000, 0x0000000088a00000|  0%| F|  |TAMS 0x0000000088900000, 0x0000000088900000| Untracked 
| 104|0x0000000088a00000, 0x0000000088a00000, 0x0000000088b00000|  0%| F|  |TAMS 0x0000000088a00000, 0x0000000088a00000| Untracked 
| 105|0x0000000088b00000, 0x0000000088b00000, 0x0000000088c00000|  0%| F|  |TAMS 0x0000000088b00000, 0x0000000088b00000| Untracked 
| 106|0x0000000088c00000, 0x0000000088c00000, 0x0000000088d00000|  0%| F|  |TAMS 0x0000000088c00000, 0x0000000088c00000| Untracked 
| 107|0x0000000088d00000, 0x0000000088d00000, 0x0000000088e00000|  0%| F|  |TAMS 0x0000000088d00000, 0x0000000088d00000| Untracked 
| 108|0x0000000088e00000, 0x0000000088e00000, 0x0000000088f00000|  0%| F|  |TAMS 0x0000000088e00000, 0x0000000088e00000| Untracked 
| 109|0x0000000088f00000, 0x0000000088f00000, 0x0000000089000000|  0%| F|  |TAMS 0x0000000088f00000, 0x0000000088f00000| Untracked 
| 110|0x0000000089000000, 0x0000000089000000, 0x0000000089100000|  0%| F|  |TAMS 0x0000000089000000, 0x0000000089000000| Untracked 
| 111|0x0000000089100000, 0x0000000089100000, 0x0000000089200000|  0%| F|  |TAMS 0x0000000089100000, 0x0000000089100000| Untracked 
| 112|0x0000000089200000, 0x0000000089200000, 0x0000000089300000|  0%| F|  |TAMS 0x0000000089200000, 0x0000000089200000| Untracked 
| 113|0x0000000089300000, 0x0000000089300000, 0x0000000089400000|  0%| F|  |TAMS 0x0000000089300000, 0x0000000089300000| Untracked 
| 114|0x0000000089400000, 0x0000000089400000, 0x0000000089500000|  0%| F|  |TAMS 0x0000000089400000, 0x0000000089400000| Untracked 
| 115|0x0000000089500000, 0x0000000089500000, 0x0000000089600000|  0%| F|  |TAMS 0x0000000089500000, 0x0000000089500000| Untracked 
| 116|0x0000000089600000, 0x0000000089600000, 0x0000000089700000|  0%| F|  |TAMS 0x0000000089600000, 0x0000000089600000| Untracked 
| 117|0x0000000089700000, 0x0000000089700000, 0x0000000089800000|  0%| F|  |TAMS 0x0000000089700000, 0x0000000089700000| Untracked 
| 118|0x0000000089800000, 0x0000000089900000, 0x0000000089900000|100%| E|  |TAMS 0x0000000089800000, 0x0000000089800000| Complete 
| 119|0x0000000089900000, 0x0000000089a00000, 0x0000000089a00000|100%| E|CS|TAMS 0x0000000089900000, 0x0000000089900000| Complete 
| 120|0x0000000089a00000, 0x0000000089b00000, 0x0000000089b00000|100%| E|CS|TAMS 0x0000000089a00000, 0x0000000089a00000| Complete 
| 121|0x0000000089b00000, 0x0000000089c00000, 0x0000000089c00000|100%| E|CS|TAMS 0x0000000089b00000, 0x0000000089b00000| Complete 
| 122|0x0000000089c00000, 0x0000000089d00000, 0x0000000089d00000|100%| E|CS|TAMS 0x0000000089c00000, 0x0000000089c00000| Complete 
| 123|0x0000000089d00000, 0x0000000089e00000, 0x0000000089e00000|100%| E|CS|TAMS 0x0000000089d00000, 0x0000000089d00000| Complete 
| 124|0x0000000089e00000, 0x0000000089f00000, 0x0000000089f00000|100%| E|CS|TAMS 0x0000000089e00000, 0x0000000089e00000| Complete 
| 125|0x0000000089f00000, 0x000000008a000000, 0x000000008a000000|100%| E|CS|TAMS 0x0000000089f00000, 0x0000000089f00000| Complete 

Card table byte_map: [0x00000197b10d0000,0x00000197b14c0000] _byte_map_base: 0x00000197b0cbf000

Marking Bits (Prev, Next): (CMBitMap*) 0x000001979a646038, (CMBitMap*) 0x000001979a646070
 Prev Bits: [0x00000197b18b0000, 0x00000197b3828000)
 Next Bits: [0x00000197b3830000, 0x00000197b57a8000)

Polling page: 0x0000019798540000

Metaspace:

Usage:
  Non-class:     18.90 MB capacity,    18.55 MB ( 98%) used,   293.25 KB (  2%) free+waste,    69.69 KB ( <1%) overhead. 
      Class:      2.75 MB capacity,     2.48 MB ( 90%) used,   237.17 KB (  8%) free+waste,    37.06 KB (  1%) overhead. 
       Both:     21.65 MB capacity,    21.03 MB ( 97%) used,   530.42 KB (  2%) free+waste,   106.75 KB ( <1%) overhead. 

Virtual space:
  Non-class space:       20.00 MB reserved,      18.95 MB ( 95%) committed 
      Class space:        1.00 GB reserved,       2.75 MB ( <1%) committed 
             Both:        1.02 GB reserved,      21.70 MB (  2%) committed 

Chunk freelists:
   Non-Class:  4.25 KB
       Class:  128 bytes
        Both:  4.38 KB

CodeHeap 'non-profiled nmethods': size=238912Kb used=2760Kb max_used=2760Kb free=236152Kb
 bounds [0x00000197a2390000, 0x00000197a2650000, 0x00000197b0ce0000]
CodeHeap 'non-nmethods': size=6848Kb used=1134Kb max_used=1134Kb free=5713Kb
 bounds [0x00000197a1ce0000, 0x00000197a1f50000, 0x00000197a2390000]
 total_blobs=2430 nmethods=1975 adapters=381
 compilation: enabled
              stopped_count=0, restarted_count=0
 full_count=0

Compilation events (10 events):
Event: 8.301 Thread 0x00000197b7cd6000 nmethod 1940 0x00000197a2634f10 code [0x00000197a26350c0, 0x00000197a2635388]
Event: 8.302 Thread 0x00000197b7cd6000 1942       1       ch.qos.logback.classic.Logger::getChildByName (68 bytes)
Event: 8.302 Thread 0x00000197b7cd6000 nmethod 1942 0x00000197a2635910 code [0x00000197a2635ae0, 0x00000197a2635ce8]
Event: 8.330 Thread 0x00000197b7cd6000 1943       1       java.lang.ClassLoader::getUnnamedModule (5 bytes)
Event: 8.330 Thread 0x00000197b7cd6000 nmethod 1943 0x00000197a2635e90 code [0x00000197a2636020, 0x00000197a26360d8]
Event: 8.439 Thread 0x00000197b7cd6000 1944       1       java.security.PermissionCollection::isReadOnly (5 bytes)
Event: 8.439 Thread 0x00000197b7cd6000 nmethod 1944 0x00000197a2636190 code [0x00000197a2636320, 0x00000197a26363d8]
Event: 8.459 Thread 0x00000197b7cd6000 1945   !   1       java.lang.ref.ReferenceQueue::remove (125 bytes)
Event: 8.460 Thread 0x00000197b7cd6000 nmethod 1945 0x00000197a2636890 code [0x00000197a2636a80, 0x00000197a2637018]
Event: 8.460 Thread 0x00000197b7cd6000 1946   !   1       jdk.internal.ref.PhantomCleanable::isListEmpty (34 bytes)

GC Heap History (8 events):
Event: 4.493 GC heap before
{Heap before GC invocations=0 (full 0):
 garbage-first heap   total 129024K, used 13312K [0x0000000082200000, 0x0000000100000000)
  region size 1024K, 14 young (14336K), 0 survivors (0K)
 Metaspace       used 11887K, capacity 12281K, committed 12416K, reserved 1060864K
  class space    used 1274K, capacity 1407K, committed 1408K, reserved 1048576K
}
Event: 4.539 GC heap after
{Heap after GC invocations=1 (full 0):
 garbage-first heap   total 129024K, used 5727K [0x0000000082200000, 0x0000000100000000)
  region size 1024K, 2 young (2048K), 2 survivors (2048K)
 Metaspace       used 11887K, capacity 12281K, committed 12416K, reserved 1060864K
  class space    used 1274K, capacity 1407K, committed 1408K, reserved 1048576K
}
Event: 5.403 GC heap before
{Heap before GC invocations=1 (full 0):
 garbage-first heap   total 129024K, used 11871K [0x0000000082200000, 0x0000000100000000)
  region size 1024K, 8 young (8192K), 2 survivors (2048K)
 Metaspace       used 13829K, capacity 14247K, committed 14464K, reserved 1062912K
  class space    used 1477K, capacity 1616K, committed 1664K, reserved 1048576K
}
Event: 5.410 GC heap after
{Heap after GC invocations=2 (full 0):
 garbage-first heap   total 129024K, used 6700K [0x0000000082200000, 0x0000000100000000)
  region size 1024K, 1 young (1024K), 1 survivors (1024K)
 Metaspace       used 13829K, capacity 14247K, committed 14464K, reserved 1062912K
  class space    used 1477K, capacity 1616K, committed 1664K, reserved 1048576K
}
Event: 6.695 GC heap before
{Heap before GC invocations=2 (full 0):
 garbage-first heap   total 129024K, used 27180K [0x0000000082200000, 0x0000000100000000)
  region size 1024K, 21 young (21504K), 1 survivors (1024K)
 Metaspace       used 16003K, capacity 16456K, committed 16640K, reserved 1064960K
  class space    used 1792K, capacity 1957K, committed 2048K, reserved 1048576K
}
Event: 6.725 GC heap after
{Heap after GC invocations=3 (full 0):
 garbage-first heap   total 129024K, used 7291K [0x0000000082200000, 0x0000000100000000)
  region size 1024K, 2 young (2048K), 2 survivors (2048K)
 Metaspace       used 16003K, capacity 16456K, committed 16640K, reserved 1064960K
  class space    used 1792K, capacity 1957K, committed 2048K, reserved 1048576K
}
Event: 8.442 GC heap before
{Heap before GC invocations=3 (full 0):
 garbage-first heap   total 129024K, used 33915K [0x0000000082200000, 0x0000000100000000)
  region size 1024K, 30 young (30720K), 2 survivors (2048K)
 Metaspace       used 20424K, capacity 21074K, committed 21248K, reserved 1067008K
  class space    used 2421K, capacity 2703K, committed 2816K, reserved 1048576K
}
Event: 8.452 GC heap after
{Heap after GC invocations=4 (full 0):
 garbage-first heap   total 129024K, used 8625K [0x0000000082200000, 0x0000000100000000)
  region size 1024K, 3 young (3072K), 3 survivors (3072K)
 Metaspace       used 20424K, capacity 21074K, committed 21248K, reserved 1067008K
  class space    used 2421K, capacity 2703K, committed 2816K, reserved 1048576K
}

Deoptimization events (0 events):
No events

Classes redefined (0 events):
No events

Internal exceptions (10 events):
Event: 7.725 Thread 0x00000197b852f800 Exception <a 'java/lang/NoSuchMethodError'{0x000000008901fc48}: java.lang.invoke.DirectMethodHandle$Holder.invokeStatic(Ljava/lang/Object;Ljava/lang/Object;I)V> (0x000000008901fc48) thrown at [./open/src/hotspot/share/interpreter/linkResolver.cpp, line 77
Event: 7.731 Thread 0x00000197b852f800 Exception <a 'java/lang/NoSuchMethodError'{0x0000000089038298}: java.lang.invoke.DirectMethodHandle$Holder.invokeStaticInit(Ljava/lang/Object;Ljava/lang/Object;Ljava/lang/Object;)V> (0x0000000089038298) thrown at [./open/src/hotspot/share/interpreter/link
Event: 7.768 Thread 0x00000197b852f800 Exception <a 'java/lang/NoSuchMethodError'{0x0000000088f118b8}: java.lang.invoke.DirectMethodHandle$Holder.invokeVirtual(Ljava/lang/Object;Ljava/lang/Object;Ljava/lang/Object;Ljava/lang/Object;)V> (0x0000000088f118b8) thrown at [./open/src/hotspot/share/i
Event: 8.022 Thread 0x00000197b852f800 Exception <a 'java/lang/NoSuchMethodError'{0x0000000088ee4e58}: java.lang.invoke.DirectMethodHandle$Holder.invokeSpecial(Ljava/lang/Object;Ljava/lang/Object;Ljava/lang/Object;Ljava/lang/Object;Ljava/lang/Object;)V> (0x0000000088ee4e58) thrown at [./open/s
Event: 8.038 Thread 0x00000197b852f800 Exception <a 'java/lang/IncompatibleClassChangeError'{0x0000000088d1a350}: Found class java.lang.Object, but interface was expected> (0x0000000088d1a350) thrown at [./open/src/hotspot/share/interpreter/linkResolver.cpp, line 838]
Event: 8.062 Thread 0x00000197b8532000 Exception <a 'java/lang/NoClassDefFoundError'{0x0000000088d99be0}: javax/validation/Validation> (0x0000000088d99be0) thrown at [./open/src/hotspot/share/classfile/systemDictionary.cpp, line 215]
Event: 8.175 Thread 0x00000197b8532000 Exception <a 'java/lang/NoSuchMethodError'{0x0000000088759890}: java.lang.invoke.DirectMethodHandle$Holder.invokeStaticInit(Ljava/lang/Object;Ljava/lang/Object;Ljava/lang/Object;Ljava/lang/Object;Ljava/lang/Object;)Ljava/lang/Object;> (0x0000000088759890)
Event: 8.213 Thread 0x00000197b8532000 Exception <a 'java/lang/NoSuchMethodError'{0x000000008863ba20}: java.lang.invoke.DirectMethodHandle$Holder.invokeSpecial(Ljava/lang/Object;Ljava/lang/Object;IILjava/lang/Object;Ljava/lang/Object;Ljava/lang/Object;)Ljava/lang/Object;> (0x000000008863ba20) 
Event: 8.218 Thread 0x00000197b8532000 Exception <a 'java/lang/NoSuchMethodError'{0x000000008863efa8}: java.lang.invoke.DelegatingMethodHandle$Holder.reinvoke_L(Ljava/lang/Object;IILjava/lang/Object;Ljava/lang/Object;Ljava/lang/Object;)Ljava/lang/Object;> (0x000000008863efa8) thrown at [./open
Event: 8.219 Thread 0x00000197b8532000 Exception <a 'java/lang/NoSuchMethodError'{0x0000000088642e88}: java.lang.invoke.DirectMethodHandle$Holder.invokeStatic(Ljava/lang/Object;Ljava/lang/Object;Ljava/lang/Object;Ljava/lang/Object;I)Ljava/lang/Object;> (0x0000000088642e88) thrown at [./open/sr

Events (10 events):
Event: 8.439 loading class javax/persistence/EntityManagerFactory
Event: 8.439 loading class javax/persistence/EntityManagerFactory done
Event: 8.440 loading class javax/persistence$EntityManagerFactory
Event: 8.440 loading class javax/persistence$EntityManagerFactory done
Event: 8.440 loading class org/springframework/context/annotation/ContextAnnotationAutowireCandidateResolver
Event: 8.440 loading class org/springframework/context/annotation/ContextAnnotationAutowireCandidateResolver done
Event: 8.441 loading class org/springframework/beans/factory/annotation/QualifierAnnotationAutowireCandidateResolver
Event: 8.441 loading class org/springframework/beans/factory/annotation/QualifierAnnotationAutowireCandidateResolver done
Event: 8.442 Executing VM operation: CollectForMetadataAllocation
Event: 8.452 Executing VM operation: CollectForMetadataAllocation done


Dynamic libraries:
0x00007ff6ff640000 - 0x00007ff6ff650000 	C:\Program Files\Java\jdk-11\bin\javaw.exe
0x00007ffe5c1d0000 - 0x00007ffe5c3c8000 	C:\WINDOWS\SYSTEM32\ntdll.dll
0x00007ffe5a4b0000 - 0x00007ffe5a56f000 	C:\WINDOWS\System32\KERNEL32.DLL
0x00007ffe598e0000 - 0x00007ffe59bd6000 	C:\WINDOWS\System32\KERNELBASE.dll
0x00007ffe5a0a0000 - 0x00007ffe5a1a0000 	C:\WINDOWS\System32\ucrtbase.dll
0x00007ffe56ba0000 - 0x00007ffe56bb8000 	C:\Program Files\Java\jdk-11\bin\jli.dll
0x00007ffe5a570000 - 0x00007ffe5a61f000 	C:\WINDOWS\System32\ADVAPI32.dll
0x00007ffe5a230000 - 0x00007ffe5a2ce000 	C:\WINDOWS\System32\msvcrt.dll
0x00007ffe5bee0000 - 0x00007ffe5bf7c000 	C:\WINDOWS\System32\sechost.dll
0x00007ffe5a320000 - 0x00007ffe5a446000 	C:\WINDOWS\System32\RPCRT4.dll
0x00007ffe5bf80000 - 0x00007ffe5c11d000 	C:\WINDOWS\System32\USER32.dll
0x00007ffe59be0000 - 0x00007ffe59c02000 	C:\WINDOWS\System32\win32u.dll
0x00007ffe5a6a0000 - 0x00007ffe5a6cc000 	C:\WINDOWS\System32\GDI32.dll
0x00007ffe59c10000 - 0x00007ffe59d25000 	C:\WINDOWS\System32\gdi32full.dll
0x00007ffe59f40000 - 0x00007ffe59fdd000 	C:\WINDOWS\System32\msvcp_win.dll
0x00007ffe52810000 - 0x00007ffe5282b000 	C:\Program Files\Java\jdk-11\bin\VCRUNTIME140.dll
0x00007ffe58c40000 - 0x00007ffe58eda000 	C:\WINDOWS\WinSxS\amd64_microsoft.windows.common-controls_6595b64144ccf1df_6.0.19041.1110_none_60b5254171f9507e\COMCTL32.dll
0x00007ffe571e0000 - 0x00007ffe571ea000 	C:\WINDOWS\SYSTEM32\VERSION.dll
0x00007ffe5a2f0000 - 0x00007ffe5a320000 	C:\WINDOWS\System32\IMM32.DLL
0x00007ffe56c40000 - 0x00007ffe56c4c000 	C:\Program Files\Java\jdk-11\bin\vcruntime140_1.dll
0x00007ffe4a950000 - 0x00007ffe4a9de000 	C:\Program Files\Java\jdk-11\bin\msvcp140.dll
0x00007ffdce480000 - 0x00007ffdcefe8000 	C:\Program Files\Java\jdk-11\bin\server\jvm.dll
0x00007ffe5a2d0000 - 0x00007ffe5a2d8000 	C:\WINDOWS\System32\PSAPI.DLL
0x00007ffe457e0000 - 0x00007ffe457e9000 	C:\WINDOWS\SYSTEM32\WSOCK32.dll
0x00007ffe5c120000 - 0x00007ffe5c18b000 	C:\WINDOWS\System32\WS2_32.dll
0x00007ffe45550000 - 0x00007ffe45577000 	C:\WINDOWS\SYSTEM32\WINMM.dll
0x00007ffe57a90000 - 0x00007ffe57aa2000 	C:\WINDOWS\SYSTEM32\kernel.appcore.dll
0x00007ffe56b90000 - 0x00007ffe56ba0000 	C:\Program Files\Java\jdk-11\bin\verify.dll
0x00007ffe59030000 - 0x00007ffe59214000 	C:\WINDOWS\SYSTEM32\DBGHELP.DLL
0x00007ffe58ff0000 - 0x00007ffe59024000 	C:\WINDOWS\SYSTEM32\dbgcore.DLL
0x00007ffe5a1a0000 - 0x00007ffe5a222000 	C:\WINDOWS\System32\bcryptPrimitives.dll
0x00007ffe4b3b0000 - 0x00007ffe4b3d8000 	C:\Program Files\Java\jdk-11\bin\java.dll
0x00007ffe50f60000 - 0x00007ffe50f6a000 	C:\Program Files\Java\jdk-11\bin\jimage.dll
0x00007ffe4e180000 - 0x00007ffe4e197000 	C:\Program Files\Java\jdk-11\bin\zip.dll
0x00007ffe5a6d0000 - 0x00007ffe5ae14000 	C:\WINDOWS\System32\SHELL32.dll
0x00007ffe572e0000 - 0x00007ffe57a73000 	C:\WINDOWS\SYSTEM32\windows.storage.dll
0x00007ffe5ae20000 - 0x00007ffe5b174000 	C:\WINDOWS\System32\combase.dll
0x00007ffe58ba0000 - 0x00007ffe58bce000 	C:\WINDOWS\SYSTEM32\Wldp.dll
0x00007ffe5bb10000 - 0x00007ffe5bbbd000 	C:\WINDOWS\System32\SHCORE.dll
0x00007ffe5b900000 - 0x00007ffe5b955000 	C:\WINDOWS\System32\shlwapi.dll
0x00007ffe597f0000 - 0x00007ffe5980f000 	C:\WINDOWS\SYSTEM32\profapi.dll
0x00007ffe4b250000 - 0x00007ffe4b269000 	C:\Program Files\Java\jdk-11\bin\net.dll
0x00007ffe4e3f0000 - 0x00007ffe4e4fa000 	C:\WINDOWS\SYSTEM32\WINHTTP.dll
0x00007ffe58a70000 - 0x00007ffe58ada000 	C:\WINDOWS\system32\mswsock.dll
0x00007ffe49830000 - 0x00007ffe49842000 	C:\Program Files\Java\jdk-11\bin\nio.dll
0x00007ffe57230000 - 0x00007ffe57239000 	C:\Program Files\Java\jdk-11\bin\management.dll
0x00007ffe56f00000 - 0x00007ffe56f0b000 	C:\Program Files\Java\jdk-11\bin\management_ext.dll
0x00007ffe45360000 - 0x00007ffe45377000 	C:\WINDOWS\system32\napinsp.dll
0x00007ffe45340000 - 0x00007ffe4535b000 	C:\WINDOWS\system32\pnrpnsp.dll
0x00007ffe537a0000 - 0x00007ffe537b5000 	C:\WINDOWS\system32\wshbth.dll
0x00007ffe54260000 - 0x00007ffe5427d000 	C:\WINDOWS\system32\NLAapi.dll
0x00007ffe585f0000 - 0x00007ffe5862c000 	C:\WINDOWS\SYSTEM32\IPHLPAPI.DLL
0x00007ffe58630000 - 0x00007ffe586fb000 	C:\WINDOWS\SYSTEM32\DNSAPI.dll
0x00007ffe5a2e0000 - 0x00007ffe5a2e8000 	C:\WINDOWS\System32\NSI.dll
0x00007ffe45320000 - 0x00007ffe45332000 	C:\WINDOWS\System32\winrnr.dll
0x00007ffe485a0000 - 0x00007ffe485aa000 	C:\Windows\System32\rasadhlp.dll
0x00007ffe48750000 - 0x00007ffe487d2000 	C:\WINDOWS\System32\fwpuclnt.dll
0x00007ffe598b0000 - 0x00007ffe598d7000 	C:\WINDOWS\System32\bcrypt.dll
0x00007ffe59560000 - 0x00007ffe59578000 	C:\WINDOWS\SYSTEM32\CRYPTSP.dll
0x00007ffe58280000 - 0x00007ffe582b4000 	C:\WINDOWS\system32\rsaenh.dll
0x00007ffe597b0000 - 0x00007ffe597de000 	C:\WINDOWS\SYSTEM32\USERENV.dll
0x00007ffe58b60000 - 0x00007ffe58b6c000 	C:\WINDOWS\SYSTEM32\CRYPTBASE.dll
0x00007ffe4e6c0000 - 0x00007ffe4e6d7000 	C:\WINDOWS\SYSTEM32\dhcpcsvc6.DLL
0x00007ffe4f960000 - 0x00007ffe4f97d000 	C:\WINDOWS\SYSTEM32\dhcpcsvc.DLL

dbghelp: loaded successfully - version: 4.0.5 - missing functions: none
symbol engine: initialized successfully - sym options: 0x614 - pdb path: .;C:\Program Files\Java\jdk-11\bin;C:\WINDOWS\SYSTEM32;C:\WINDOWS\WinSxS\amd64_microsoft.windows.common-controls_6595b64144ccf1df_6.0.19041.1110_none_60b5254171f9507e;C:\Program Files\Java\jdk-11\bin\server

VM Arguments:
jvm_args: -Dcom.sun.management.jmxremote -Dcom.sun.management.jmxremote.port=10844 -Dcom.sun.management.jmxremote.authenticate=false -Dcom.sun.management.jmxremote.ssl=false -Djava.rmi.server.hostname=localhost -Dspring.jmx.enabled=true -Dspring.liveBeansView.mbeanDomain -Dspring.application.admin.enabled=true -XX:TieredStopAtLevel=1 -Dspring.boot.project.name=SpringNCPAi -Dfile.encoding=UTF-8 
java_command: com.multicamp.demo.SpringNcpAiApplication --spring.output.ansi.enabled=always
java_class_path (initial): C:\myjava\SpringWorkspace\SpringNCPAi\target\classes;C:\apache-tomcat-9.0.73\lib\annotations-api.jar;C:\apache-tomcat-9.0.73\lib\catalina-ant.jar;C:\apache-tomcat-9.0.73\lib\catalina-ha.jar;C:\apache-tomcat-9.0.73\lib\catalina-ssi.jar;C:\apache-tomcat-9.0.73\lib\catalina-storeconfig.jar;C:\apache-tomcat-9.0.73\lib\catalina-tribes.jar;C:\apache-tomcat-9.0.73\lib\catalina.jar;C:\apache-tomcat-9.0.73\lib\ecj-4.20.jar;C:\apache-tomcat-9.0.73\lib\el-api.jar;C:\apache-tomcat-9.0.73\lib\jasper-el.jar;C:\apache-tomcat-9.0.73\lib\jasper.jar;C:\apache-tomcat-9.0.73\lib\jaspic-api.jar;C:\apache-tomcat-9.0.73\lib\jsp-api.jar;C:\apache-tomcat-9.0.73\lib\ojdbc6.jar;C:\apache-tomcat-9.0.73\lib\servlet-api.jar;C:\apache-tomcat-9.0.73\lib\tomcat-api.jar;C:\apache-tomcat-9.0.73\lib\tomcat-coyote.jar;C:\apache-tomcat-9.0.73\lib\tomcat-dbcp.jar;C:\apache-tomcat-9.0.73\lib\tomcat-i18n-cs.jar;C:\apache-tomcat-9.0.73\lib\tomcat-i18n-de.jar;C:\apache-tomcat-9.0.73\lib\tomcat-i18n-es.jar;C:\apache-tomcat-9.0.73\lib\tomcat-i18n-fr.jar;C:\apache-tomcat-9.0.73\lib\tomcat-i18n-ja.jar;C:\apache-tomcat-9.0.73\lib\tomcat-i18n-ko.jar;C:\apache-tomcat-9.0.73\lib\tomcat-i18n-pt-BR.jar;C:\apache-tomcat-9.0.73\lib\tomcat-i18n-ru.jar;C:\apache-tomcat-9.0.73\lib\tomcat-i18n-zh-CN.jar;C:\apache-tomcat-9.0.73\lib\tomcat-jdbc.jar;C:\apache-tomcat-9.0.73\lib\tomcat-jni.jar;C:\apache-tomcat-9.0.73\lib\tomcat-util-scan.jar;C:\apache-tomcat-9.0.73\lib\tomcat-util.jar;C:\apache-tomcat-9.0.73\lib\tomcat-websocket.jar;C:\apache-tomcat-9.0.73\lib\websocket-api.jar;C:\Users\sulim\.m2\repository\org\springframework\boot\spring-boot-starter-jdbc\2.7.12\spring-boot-starter-jdbc-2.7.12.jar;C:\Users\sulim\.m2\repository\org\springframework\boot\spring-boot-starter\2.7.12\spring-boot-starter-2.7.12.jar;C:\Users\sulim\.m2\repository\org\springframework\boot\spring-boot-starter-logging\2.7.12\spring-boot-starter-logging-2.7.12.jar;C:\Users\sulim\.m2\repository\ch\qos\logback\logback-classic\1.2.
Launcher Type: SUN_STANDARD

[Global flags]
     intx CICompilerCount                          = 3                                         {product} {ergonomic}
     uint ConcGCThreads                            = 1                                         {product} {ergonomic}
     uint G1ConcRefinementThreads                  = 4                                         {product} {ergonomic}
   size_t G1HeapRegionSize                         = 1048576                                   {product} {ergonomic}
    uintx GCDrainStackTargetSize                   = 64                                        {product} {ergonomic}
   size_t InitialHeapSize                          = 132120576                                 {product} {ergonomic}
     bool ManagementServer                         = true                                      {product} {command line}
   size_t MarkStackSize                            = 4194304                                   {product} {ergonomic}
   size_t MaxHeapSize                              = 2111832064                                {product} {ergonomic}
   size_t MaxNewSize                               = 1266679808                                {product} {ergonomic}
   size_t MinHeapDeltaBytes                        = 1048576                                   {product} {ergonomic}
    uintx NonNMethodCodeHeapSize                   = 6973028                                {pd product} {ergonomic}
    uintx NonProfiledCodeHeapSize                  = 244685212                              {pd product} {ergonomic}
    uintx ProfiledCodeHeapSize                     = 0                                      {pd product} {ergonomic}
    uintx ReservedCodeCacheSize                    = 251658240                              {pd product} {ergonomic}
     bool SegmentedCodeCache                       = true                                      {product} {ergonomic}
     intx TieredStopAtLevel                        = 1                                         {product} {command line}
     bool UseCompressedClassPointers               = true                                 {lp64_product} {ergonomic}
     bool UseCompressedOops                        = true                                 {lp64_product} {ergonomic}
     bool UseG1GC                                  = true                                      {product} {ergonomic}
     bool UseLargePagesIndividualAllocation        = false                                  {pd product} {ergonomic}

Logging:
Log output configuration:
 #0: stdout all=warning uptime,level,tags
 #1: stderr all=off uptime,level,tags

Environment Variables:
JAVA_HOME=C:\Program Files\Java\jdk-11
JRE_HOME=C:\Program Files\Java\jdk-11
CLASSPATH=.
PATH=C:\oraclexe\app\oracle\product\11.2.0\server\bin;C:\Program Files\Common Files\Oracle\Java\javapath;"c:\jdk-11\bin;C:\Program Files\Common Files\Oracle\Java\javapath";C:\Program Files (x86)\Common Files\Oracle\Java\javapath;C:\Program Files (x86)\Intel\iCLS Client\;C:\Program Files\Intel\iCLS Client\;C:\WINDOWS\system32;C:\WINDOWS;C:\WINDOWS\System32\Wbem;C:\WINDOWS\System32\WindowsPowerShell\v1.0\;C:\Program Files (x86)\Intel\Intel(R) Management Engine Components\DAL;C:\Program Files\Intel\Intel(R) Management Engine Components\DAL;C:\Program Files (x86)\Intel\Intel(R) Management Engine Components\IPT;C:\Program Files\Intel\Intel(R) Management Engine Components\IPT;C:\WINDOWS\System32\OpenSSH\;C:\Program Files\Microsoft SQL Server\120\Tools\Binn\;C:\Program Files\Common Files\Autodesk Shared\;C:\Program Files\Git\cmd;C:\Python311\Scripts\;C:\Python311\;C:\Users\sulim\AppData\Local\Microsoft\WindowsApps;C:\Program Files\Bandizip\;C:\Users\sulim\AppData\Local\Programs\Microsoft VS Code\bin;C:\Program Files\Java\jdk-11\bin;c:\jdk-11\bin;C:\Program Files\Java\jdk-11\bin;C:\apache-tomcat-9.0.73\BIN;C:\dev_tools\flutter\flutter\bin;C:\Program Files\MongoDB\Server\5.0\bin;
USERNAME=sulim
OS=Windows_NT
PROCESSOR_IDENTIFIER=Intel64 Family 6 Model 78 Stepping 3, GenuineIntel



---------------  S Y S T E M  ---------------

OS: Windows 10 , 64 bit Build 19041 (10.0.19041.2913)

CPU:total 4 (initial active 4) (2 cores per cpu, 2 threads per core) family 6 model 78 stepping 3 microcode 0xcc, cmov, cx8, fxsr, mmx, sse, sse2, sse3, ssse3, sse4.1, sse4.2, popcnt, avx, avx2, aes, clmul, erms, 3dnowpref, lzcnt, ht, tsc, tscinvbit, bmi1, bmi2, adx, fma

Memory: 4k page, system-wide physical 8055M (1063M free)
TotalPageFile size 13431M (AvailPageFile size 1479M)
current process WorkingSet (physical memory assigned to process): 100M, peak: 100M
current process commit charge ("private bytes"): 222M, peak: 222M

vm_info: Java HotSpot(TM) 64-Bit Server VM (11.0.18+9-LTS-195) for windows-amd64 JRE (11.0.18+9-LTS-195), built on Dec  6 2022 15:50:58 by "mach5one" with MS VC++ 17.1 (VS2022)

END.
