#
# A fatal error has been detected by the Java Runtime Environment:
#
#  EXCEPTION_ACCESS_VIOLATION (0xc0000005) at pc=0x00007ffe251f4a4c, pid=10056, tid=8768
#
# JRE version: Java(TM) SE Runtime Environment 18.9 (11.0.18+9) (build 11.0.18+9-LTS-195)
# Java VM: Java HotSpot(TM) 64-Bit Server VM 18.9 (11.0.18+9-LTS-195, mixed mode, tiered, compressed oops, g1 gc, windows-amd64)
# Problematic frame:
# V  [jvm.dll+0x1a4a4c]
#
# No core dump will be written. Minidumps are not enabled by default on client versions of Windows
#
# If you would like to submit a bug report, please visit:
#   https://bugreport.java.com/bugreport/crash.jsp
#

---------------  S U M M A R Y ------------

Command Line: -Dfile.encoding=UTF-8 com.multicamp.demo.SpringNcpAiApplication

Host: Intel(R) Core(TM) i5-6200U CPU @ 2.30GHz, 4 cores, 7G,  Windows 10 , 64 bit Build 19041 (10.0.19041.2913)
Time: Thu Jun 15 11:41:11 2023  Windows 10 , 64 bit Build 19041 (10.0.19041.2913) elapsed time: 15.749047 seconds (0d 0h 0m 15s)

---------------  T H R E A D  ---------------

Current thread (0x000001b3fe478000):  JavaThread "C2 CompilerThread0" daemon [_thread_in_native, id=8768, stack(0x0000007717a00000,0x0000007717b00000)]


Current CompileTask:
C2:  15749 3617       4       java.net.URLStreamHandler::parseURL (1201 bytes)

Stack: [0x0000007717a00000,0x0000007717b00000],  sp=0x0000007717afba60,  free space=1006k
Native frames: (J=compiled Java code, j=interpreted, Vv=VM code, C=native code)
V  [jvm.dll+0x1a4a4c]
V  [jvm.dll+0x1a241e]
V  [jvm.dll+0x2114fd]
V  [jvm.dll+0x210378]
V  [jvm.dll+0x18c641]
V  [jvm.dll+0x220609]
V  [jvm.dll+0x21e92c]
V  [jvm.dll+0x763f61]
V  [jvm.dll+0x75c924]
V  [jvm.dll+0x65c755]
C  [ucrtbase.dll+0x21bb2]
C  [KERNEL32.DLL+0x17614]
C  [ntdll.dll+0x526a1]


siginfo: EXCEPTION_ACCESS_VIOLATION (0xc0000005), reading address 0x0000000000000011


Register to memory mapping:

RIP=0x00007ffe251f4a4c jvm.dll
RAX=0x0000000000000001 is an unknown value
RBX=0x000001b393620948 points into unknown readable memory: 0x0000000000000000 | 00 00 00 00 00 00 00 00
RCX=0x000001b38f31fc40 points into unknown readable memory: 0x00007ffe2583ff70 | 70 ff 83 25 fe 7f 00 00
RDX=0x00000000000000a7 is an unknown value
RSP=0x0000007717afba60 is pointing into the stack for thread: 0x000001b3fe478000
RBP=0x0000007717afbf80 is pointing into the stack for thread: 0x000001b3fe478000
RSI=0x000001b38f31fbe0 points into unknown readable memory: 0x00007ffe2586dc08 | 08 dc 86 25 fe 7f 00 00
RDI=0x000001b3936208b0 points into unknown readable memory: 0x0000000000000000 | 00 00 00 00 00 00 00 00
R8 =0x0 is NULL
R9 =0xffffffffffffffff is an unknown value
R10=0xffffffffffff0000 is an unknown value
R11=0x0 is NULL
R12=0x0000000000000001 is an unknown value
R13=0x0000000000000001 is an unknown value
R14=0x0000000000000001 is an unknown value
R15=0x000001b3ff5c0098 points into unknown readable memory: 0x00007ffe258bba60 | 60 ba 8b 25 fe 7f 00 00


Registers:
RAX=0x0000000000000001, RBX=0x000001b393620948, RCX=0x000001b38f31fc40, RDX=0x00000000000000a7
RSP=0x0000007717afba60, RBP=0x0000007717afbf80, RSI=0x000001b38f31fbe0, RDI=0x000001b3936208b0
R8 =0x0000000000000000, R9 =0xffffffffffffffff, R10=0xffffffffffff0000, R11=0x0000000000000000
R12=0x0000000000000001, R13=0x0000000000000001, R14=0x0000000000000001, R15=0x000001b3ff5c0098
RIP=0x00007ffe251f4a4c, EFLAGS=0x0000000000010246

Top of Stack: (sp=0x0000007717afba60)
0x0000007717afba60:   000001b39367ac70 00007ffe0000008d
0x0000007717afba70:   0000000000000000 0000000000000003
0x0000007717afba80:   0000006100000002 00007ffe00000003
0x0000007717afba90:   000001b3ff5c0098 00000000000000d0
0x0000007717afbaa0:   0000000000000000 0000000000000000
0x0000007717afbab0:   00000000000ffc80 000001b3fed9dc00
0x0000007717afbac0:   00000000000003d8 000001b3fed9dfe8
0x0000007717afbad0:   000001b3fed9dc10 0000000000000000
0x0000007717afbae0:   0000007717afc068 0000007717afbc00
0x0000007717afbaf0:   0000007717afbf80 00007ffe251f241e
0x0000007717afbb00:   0000007717afbf80 0000007717afbc01
0x0000007717afbb10:   0000000000000001 00000077ffffffff
0x0000007717afbb20:   00000003deadbe00 0000007717afc110
0x0000007717afbb30:   0000007700000006 000001b3fed9dc00
0x0000007717afbb40:   000001b39180cdd0 000001b3918128e0
0x0000007717afbb50:   000001b391814db8 000000000034f788 

Instructions: (pc=0x00007ffe251f4a4c)
0x00007ffe251f4a2c:   14 89 48 c1 e2 05 48 03 50 20 81 8a 98 00 00 00
0x00007ffe251f4a3c:   00 10 00 00 48 8b 06 48 8b ce ff 50 28 4c 8b e8
0x00007ffe251f4a4c:   8b 50 10 8d 4a e5 83 f9 01 76 08 8d 4a e2 83 f9
0x00007ffe251f4a5c:   01 77 03 83 0b 02 8b 4e 28 8b c1 c1 e8 05 3b 85 


Stack slot to memory mapping:
stack at sp + 0 slots: 0x000001b39367ac70 points into unknown readable memory: 0x0000000000000000 | 00 00 00 00 00 00 00 00
stack at sp + 1 slots: 0x00007ffe0000008d is an unknown value
stack at sp + 2 slots: 0x0 is NULL
stack at sp + 3 slots: 0x0000000000000003 is an unknown value
stack at sp + 4 slots: 0x0000006100000002 is an unknown value
stack at sp + 5 slots: 0x00007ffe00000003 is an unknown value
stack at sp + 6 slots: 0x000001b3ff5c0098 points into unknown readable memory: 0x00007ffe258bba60 | 60 ba 8b 25 fe 7f 00 00
stack at sp + 7 slots: 0x00000000000000d0 is an unknown value


---------------  P R O C E S S  ---------------

Threads class SMR info:
_java_thread_list=0x000001b38ff52bc0, length=13, elements={
0x000001b3efda8000, 0x000001b3fe41c800, 0x000001b3fe44a000, 0x000001b3fed53000,
0x000001b3fe469800, 0x000001b3fe46a800, 0x000001b3fe478000, 0x000001b3fed58800,
0x000001b3fed68800, 0x000001b3feee7800, 0x000001b3feee9000, 0x000001b3feeec800,
0x000001b3fed56800
}

Java Threads: ( => current thread )
  0x000001b3efda8000 JavaThread "main" [_thread_blocked, id=7384, stack(0x0000007716e00000,0x0000007716f00000)]
  0x000001b3fe41c800 JavaThread "Reference Handler" daemon [_thread_blocked, id=19480, stack(0x0000007717500000,0x0000007717600000)]
  0x000001b3fe44a000 JavaThread "Finalizer" daemon [_thread_blocked, id=29608, stack(0x0000007717600000,0x0000007717700000)]
  0x000001b3fed53000 JavaThread "Signal Dispatcher" daemon [_thread_blocked, id=22368, stack(0x0000007717700000,0x0000007717800000)]
  0x000001b3fe469800 JavaThread "Attach Listener" daemon [_thread_blocked, id=28596, stack(0x0000007717800000,0x0000007717900000)]
  0x000001b3fe46a800 JavaThread "Service Thread" daemon [_thread_blocked, id=29156, stack(0x0000007717900000,0x0000007717a00000)]
=>0x000001b3fe478000 JavaThread "C2 CompilerThread0" daemon [_thread_in_native, id=8768, stack(0x0000007717a00000,0x0000007717b00000)]
  0x000001b3fed58800 JavaThread "C1 CompilerThread0" daemon [_thread_blocked, id=24488, stack(0x0000007717b00000,0x0000007717c00000)]
  0x000001b3fed68800 JavaThread "Sweeper thread" daemon [_thread_blocked, id=23148, stack(0x0000007717c00000,0x0000007717d00000)]
  0x000001b3feee7800 JavaThread "Common-Cleaner" daemon [_thread_blocked, id=11236, stack(0x0000007717e00000,0x0000007717f00000)]
  0x000001b3feee9000 JavaThread "Thread-0" [_thread_blocked, id=10996, stack(0x0000007718100000,0x0000007718200000)]
  0x000001b3feeec800 JavaThread "restartedMain" [_thread_in_Java, id=13972, stack(0x0000007718200000,0x0000007718300000)]
  0x000001b3fed56800 JavaThread "C2 CompilerThread1" daemon [_thread_in_native, id=12432, stack(0x0000007718400000,0x0000007718500000)]

Other Threads:
  0x000001b3fe41c000 VMThread "VM Thread" [stack: 0x0000007717400000,0x0000007717500000] [id=13840]
  0x000001b3feedf800 WatcherThread [stack: 0x0000007717d00000,0x0000007717e00000] [id=17404]
  0x000001b3efdbd000 GCTaskThread "GC Thread#0" [stack: 0x0000007716f00000,0x0000007717000000] [id=15948]
  0x000001b3ff705800 GCTaskThread "GC Thread#1" [stack: 0x0000007717f00000,0x0000007718000000] [id=15392]
  0x000001b3ff608000 GCTaskThread "GC Thread#2" [stack: 0x0000007718000000,0x0000007718100000] [id=8008]
  0x000001b38f20c800 GCTaskThread "GC Thread#3" [stack: 0x0000007718300000,0x0000007718400000] [id=11768]
  0x000001b3efdef800 ConcurrentGCThread "G1 Main Marker" [stack: 0x0000007717000000,0x0000007717100000] [id=9744]
  0x000001b3efdf2000 ConcurrentGCThread "G1 Conc#0" [stack: 0x0000007717100000,0x0000007717200000] [id=15140]
  0x000001b3fe290800 ConcurrentGCThread "G1 Refine#0" [stack: 0x0000007717200000,0x0000007717300000] [id=20516]
  0x000001b3fe291800 ConcurrentGCThread "G1 Young RemSet Sampling" [stack: 0x0000007717300000,0x0000007717400000] [id=12248]

Threads with active compile tasks:
C2 CompilerThread0    16052 3617       4       java.net.URLStreamHandler::parseURL (1201 bytes)
C2 CompilerThread1    16053 3660       4       java.util.jar.JarFile::getJarEntry (9 bytes)

VM state:not at safepoint (normal execution)

VM Mutex/Monitor currently owned by a thread: None

Heap address: 0x0000000082200000, size: 2014 MB, Compressed Oops mode: 32-bit
Narrow klass base: 0x0000000000000000, Narrow klass shift: 3
Compressed class space size: 1073741824 Address: 0x0000000100000000

Heap:
 garbage-first heap   total 129024K, used 33335K [0x0000000082200000, 0x0000000100000000)
  region size 1024K, 27 young (27648K), 8 survivors (8192K)
 Metaspace       used 36211K, capacity 37188K, committed 37248K, reserved 1081344K
  class space    used 4160K, capacity 4566K, committed 4608K, reserved 1048576K
Heap Regions: E=young(eden), S=young(survivor), O=old, HS=humongous(starts), HC=humongous(continues), CS=collection set, F=free, A=archive, TAMS=top-at-mark-start (previous, next)
|   0|0x0000000082200000, 0x0000000082300000, 0x0000000082300000|100%| O|  |TAMS 0x0000000082300000, 0x0000000082200000| Untracked 
|   1|0x0000000082300000, 0x0000000082400000, 0x0000000082400000|100%| O|  |TAMS 0x0000000082400000, 0x0000000082300000| Untracked 
|   2|0x0000000082400000, 0x0000000082500000, 0x0000000082500000|100%| O|  |TAMS 0x0000000082500000, 0x0000000082400000| Untracked 
|   3|0x0000000082500000, 0x0000000082600000, 0x0000000082600000|100%| O|  |TAMS 0x0000000082600000, 0x0000000082500000| Untracked 
|   4|0x0000000082600000, 0x0000000082700000, 0x0000000082700000|100%| O|  |TAMS 0x0000000082700000, 0x0000000082600000| Untracked 
|   5|0x0000000082700000, 0x0000000082800000, 0x0000000082800000|100%| O|  |TAMS 0x0000000082800000, 0x0000000082700000| Untracked 
|   6|0x0000000082800000, 0x0000000082900000, 0x0000000082900000|100%| O|  |TAMS 0x0000000082900000, 0x0000000082800000| Untracked 
|   7|0x0000000082900000, 0x0000000082941400, 0x0000000082a00000| 25%| O|  |TAMS 0x0000000082941400, 0x0000000082900000| Untracked 
|   8|0x0000000082a00000, 0x0000000082a00000, 0x0000000082b00000|  0%| F|  |TAMS 0x0000000082a00000, 0x0000000082a00000| Untracked 
|   9|0x0000000082b00000, 0x0000000082b00000, 0x0000000082c00000|  0%| F|  |TAMS 0x0000000082b00000, 0x0000000082b00000| Untracked 
|  10|0x0000000082c00000, 0x0000000082c00000, 0x0000000082d00000|  0%| F|  |TAMS 0x0000000082c00000, 0x0000000082c00000| Untracked 
|  11|0x0000000082d00000, 0x0000000082d00000, 0x0000000082e00000|  0%| F|  |TAMS 0x0000000082d00000, 0x0000000082d00000| Untracked 
|  12|0x0000000082e00000, 0x0000000082e00000, 0x0000000082f00000|  0%| F|  |TAMS 0x0000000082e00000, 0x0000000082e00000| Untracked 
|  13|0x0000000082f00000, 0x0000000082f00000, 0x0000000083000000|  0%| F|  |TAMS 0x0000000082f00000, 0x0000000082f00000| Untracked 
|  14|0x0000000083000000, 0x0000000083000000, 0x0000000083100000|  0%| F|  |TAMS 0x0000000083000000, 0x0000000083000000| Untracked 
|  15|0x0000000083100000, 0x0000000083100000, 0x0000000083200000|  0%| F|  |TAMS 0x0000000083100000, 0x0000000083100000| Untracked 
|  16|0x0000000083200000, 0x0000000083200000, 0x0000000083300000|  0%| F|  |TAMS 0x0000000083200000, 0x0000000083200000| Untracked 
|  17|0x0000000083300000, 0x0000000083300000, 0x0000000083400000|  0%| F|  |TAMS 0x0000000083300000, 0x0000000083300000| Untracked 
|  18|0x0000000083400000, 0x0000000083400000, 0x0000000083500000|  0%| F|  |TAMS 0x0000000083400000, 0x0000000083400000| Untracked 
|  19|0x0000000083500000, 0x0000000083500000, 0x0000000083600000|  0%| F|  |TAMS 0x0000000083500000, 0x0000000083500000| Untracked 
|  20|0x0000000083600000, 0x0000000083600000, 0x0000000083700000|  0%| F|  |TAMS 0x0000000083600000, 0x0000000083600000| Untracked 
|  21|0x0000000083700000, 0x0000000083700000, 0x0000000083800000|  0%| F|  |TAMS 0x0000000083700000, 0x0000000083700000| Untracked 
|  22|0x0000000083800000, 0x0000000083800000, 0x0000000083900000|  0%| F|  |TAMS 0x0000000083800000, 0x0000000083800000| Untracked 
|  23|0x0000000083900000, 0x0000000083900000, 0x0000000083a00000|  0%| F|  |TAMS 0x0000000083900000, 0x0000000083900000| Untracked 
|  24|0x0000000083a00000, 0x0000000083a00000, 0x0000000083b00000|  0%| F|  |TAMS 0x0000000083a00000, 0x0000000083a00000| Untracked 
|  25|0x0000000083b00000, 0x0000000083b00000, 0x0000000083c00000|  0%| F|  |TAMS 0x0000000083b00000, 0x0000000083b00000| Untracked 
|  26|0x0000000083c00000, 0x0000000083c00000, 0x0000000083d00000|  0%| F|  |TAMS 0x0000000083c00000, 0x0000000083c00000| Untracked 
|  27|0x0000000083d00000, 0x0000000083d00000, 0x0000000083e00000|  0%| F|  |TAMS 0x0000000083d00000, 0x0000000083d00000| Untracked 
|  28|0x0000000083e00000, 0x0000000083e00000, 0x0000000083f00000|  0%| F|  |TAMS 0x0000000083e00000, 0x0000000083e00000| Untracked 
|  29|0x0000000083f00000, 0x0000000083f00000, 0x0000000084000000|  0%| F|  |TAMS 0x0000000083f00000, 0x0000000083f00000| Untracked 
|  30|0x0000000084000000, 0x0000000084000000, 0x0000000084100000|  0%| F|  |TAMS 0x0000000084000000, 0x0000000084000000| Untracked 
|  31|0x0000000084100000, 0x0000000084100000, 0x0000000084200000|  0%| F|  |TAMS 0x0000000084100000, 0x0000000084100000| Untracked 
|  32|0x0000000084200000, 0x0000000084200000, 0x0000000084300000|  0%| F|  |TAMS 0x0000000084200000, 0x0000000084200000| Untracked 
|  33|0x0000000084300000, 0x0000000084300000, 0x0000000084400000|  0%| F|  |TAMS 0x0000000084300000, 0x0000000084300000| Untracked 
|  34|0x0000000084400000, 0x0000000084400000, 0x0000000084500000|  0%| F|  |TAMS 0x0000000084400000, 0x0000000084400000| Untracked 
|  35|0x0000000084500000, 0x0000000084500000, 0x0000000084600000|  0%| F|  |TAMS 0x0000000084500000, 0x0000000084500000| Untracked 
|  36|0x0000000084600000, 0x0000000084600000, 0x0000000084700000|  0%| F|  |TAMS 0x0000000084600000, 0x0000000084600000| Untracked 
|  37|0x0000000084700000, 0x0000000084700000, 0x0000000084800000|  0%| F|  |TAMS 0x0000000084700000, 0x0000000084700000| Untracked 
|  38|0x0000000084800000, 0x0000000084800000, 0x0000000084900000|  0%| F|  |TAMS 0x0000000084800000, 0x0000000084800000| Untracked 
|  39|0x0000000084900000, 0x0000000084900000, 0x0000000084a00000|  0%| F|  |TAMS 0x0000000084900000, 0x0000000084900000| Untracked 
|  40|0x0000000084a00000, 0x0000000084a00000, 0x0000000084b00000|  0%| F|  |TAMS 0x0000000084a00000, 0x0000000084a00000| Untracked 
|  41|0x0000000084b00000, 0x0000000084b00000, 0x0000000084c00000|  0%| F|  |TAMS 0x0000000084b00000, 0x0000000084b00000| Untracked 
|  42|0x0000000084c00000, 0x0000000084c00000, 0x0000000084d00000|  0%| F|  |TAMS 0x0000000084c00000, 0x0000000084c00000| Untracked 
|  43|0x0000000084d00000, 0x0000000084d00000, 0x0000000084e00000|  0%| F|  |TAMS 0x0000000084d00000, 0x0000000084d00000| Untracked 
|  44|0x0000000084e00000, 0x0000000084e00000, 0x0000000084f00000|  0%| F|  |TAMS 0x0000000084e00000, 0x0000000084e00000| Untracked 
|  45|0x0000000084f00000, 0x0000000084f00000, 0x0000000085000000|  0%| F|  |TAMS 0x0000000084f00000, 0x0000000084f00000| Untracked 
|  46|0x0000000085000000, 0x0000000085000000, 0x0000000085100000|  0%| F|  |TAMS 0x0000000085000000, 0x0000000085000000| Untracked 
|  47|0x0000000085100000, 0x0000000085100000, 0x0000000085200000|  0%| F|  |TAMS 0x0000000085100000, 0x0000000085100000| Untracked 
|  48|0x0000000085200000, 0x0000000085200000, 0x0000000085300000|  0%| F|  |TAMS 0x0000000085200000, 0x0000000085200000| Untracked 
|  49|0x0000000085300000, 0x0000000085300000, 0x0000000085400000|  0%| F|  |TAMS 0x0000000085300000, 0x0000000085300000| Untracked 
|  50|0x0000000085400000, 0x0000000085400000, 0x0000000085500000|  0%| F|  |TAMS 0x0000000085400000, 0x0000000085400000| Untracked 
|  51|0x0000000085500000, 0x0000000085500000, 0x0000000085600000|  0%| F|  |TAMS 0x0000000085500000, 0x0000000085500000| Untracked 
|  52|0x0000000085600000, 0x0000000085600000, 0x0000000085700000|  0%| F|  |TAMS 0x0000000085600000, 0x0000000085600000| Untracked 
|  53|0x0000000085700000, 0x0000000085700000, 0x0000000085800000|  0%| F|  |TAMS 0x0000000085700000, 0x0000000085700000| Untracked 
|  54|0x0000000085800000, 0x0000000085800000, 0x0000000085900000|  0%| F|  |TAMS 0x0000000085800000, 0x0000000085800000| Untracked 
|  55|0x0000000085900000, 0x0000000085900000, 0x0000000085a00000|  0%| F|  |TAMS 0x0000000085900000, 0x0000000085900000| Untracked 
|  56|0x0000000085a00000, 0x0000000085a00000, 0x0000000085b00000|  0%| F|  |TAMS 0x0000000085a00000, 0x0000000085a00000| Untracked 
|  57|0x0000000085b00000, 0x0000000085b00000, 0x0000000085c00000|  0%| F|  |TAMS 0x0000000085b00000, 0x0000000085b00000| Untracked 
|  58|0x0000000085c00000, 0x0000000085c00000, 0x0000000085d00000|  0%| F|  |TAMS 0x0000000085c00000, 0x0000000085c00000| Untracked 
|  59|0x0000000085d00000, 0x0000000085d00000, 0x0000000085e00000|  0%| F|  |TAMS 0x0000000085d00000, 0x0000000085d00000| Untracked 
|  60|0x0000000085e00000, 0x0000000085e00000, 0x0000000085f00000|  0%| F|  |TAMS 0x0000000085e00000, 0x0000000085e00000| Untracked 
|  61|0x0000000085f00000, 0x0000000085f00000, 0x0000000086000000|  0%| F|  |TAMS 0x0000000085f00000, 0x0000000085f00000| Untracked 
|  62|0x0000000086000000, 0x0000000086000000, 0x0000000086100000|  0%| F|  |TAMS 0x0000000086000000, 0x0000000086000000| Untracked 
|  63|0x0000000086100000, 0x0000000086100000, 0x0000000086200000|  0%| F|  |TAMS 0x0000000086100000, 0x0000000086100000| Untracked 
|  64|0x0000000086200000, 0x0000000086200000, 0x0000000086300000|  0%| F|  |TAMS 0x0000000086200000, 0x0000000086200000| Untracked 
|  65|0x0000000086300000, 0x0000000086300000, 0x0000000086400000|  0%| F|  |TAMS 0x0000000086300000, 0x0000000086300000| Untracked 
|  66|0x0000000086400000, 0x0000000086400000, 0x0000000086500000|  0%| F|  |TAMS 0x0000000086400000, 0x0000000086400000| Untracked 
|  67|0x0000000086500000, 0x0000000086500000, 0x0000000086600000|  0%| F|  |TAMS 0x0000000086500000, 0x0000000086500000| Untracked 
|  68|0x0000000086600000, 0x0000000086600000, 0x0000000086700000|  0%| F|  |TAMS 0x0000000086600000, 0x0000000086600000| Untracked 
|  69|0x0000000086700000, 0x0000000086700000, 0x0000000086800000|  0%| F|  |TAMS 0x0000000086700000, 0x0000000086700000| Untracked 
|  70|0x0000000086800000, 0x0000000086800000, 0x0000000086900000|  0%| F|  |TAMS 0x0000000086800000, 0x0000000086800000| Untracked 
|  71|0x0000000086900000, 0x0000000086900000, 0x0000000086a00000|  0%| F|  |TAMS 0x0000000086900000, 0x0000000086900000| Untracked 
|  72|0x0000000086a00000, 0x0000000086a00000, 0x0000000086b00000|  0%| F|  |TAMS 0x0000000086a00000, 0x0000000086a00000| Untracked 
|  73|0x0000000086b00000, 0x0000000086b00000, 0x0000000086c00000|  0%| F|  |TAMS 0x0000000086b00000, 0x0000000086b00000| Untracked 
|  74|0x0000000086c00000, 0x0000000086c00000, 0x0000000086d00000|  0%| F|  |TAMS 0x0000000086c00000, 0x0000000086c00000| Untracked 
|  75|0x0000000086d00000, 0x0000000086d00000, 0x0000000086e00000|  0%| F|  |TAMS 0x0000000086d00000, 0x0000000086d00000| Untracked 
|  76|0x0000000086e00000, 0x0000000086e00000, 0x0000000086f00000|  0%| F|  |TAMS 0x0000000086e00000, 0x0000000086e00000| Untracked 
|  77|0x0000000086f00000, 0x0000000086f00000, 0x0000000087000000|  0%| F|  |TAMS 0x0000000086f00000, 0x0000000086f00000| Untracked 
|  78|0x0000000087000000, 0x0000000087000000, 0x0000000087100000|  0%| F|  |TAMS 0x0000000087000000, 0x0000000087000000| Untracked 
|  79|0x0000000087100000, 0x0000000087100000, 0x0000000087200000|  0%| F|  |TAMS 0x0000000087100000, 0x0000000087100000| Untracked 
|  80|0x0000000087200000, 0x0000000087200000, 0x0000000087300000|  0%| F|  |TAMS 0x0000000087200000, 0x0000000087200000| Untracked 
|  81|0x0000000087300000, 0x0000000087300000, 0x0000000087400000|  0%| F|  |TAMS 0x0000000087300000, 0x0000000087300000| Untracked 
|  82|0x0000000087400000, 0x0000000087400000, 0x0000000087500000|  0%| F|  |TAMS 0x0000000087400000, 0x0000000087400000| Untracked 
|  83|0x0000000087500000, 0x0000000087500000, 0x0000000087600000|  0%| F|  |TAMS 0x0000000087500000, 0x0000000087500000| Untracked 
|  84|0x0000000087600000, 0x0000000087600000, 0x0000000087700000|  0%| F|  |TAMS 0x0000000087600000, 0x0000000087600000| Untracked 
|  85|0x0000000087700000, 0x0000000087700000, 0x0000000087800000|  0%| F|  |TAMS 0x0000000087700000, 0x0000000087700000| Untracked 
|  86|0x0000000087800000, 0x0000000087800000, 0x0000000087900000|  0%| F|  |TAMS 0x0000000087800000, 0x0000000087800000| Untracked 
|  87|0x0000000087900000, 0x0000000087900000, 0x0000000087a00000|  0%| F|  |TAMS 0x0000000087900000, 0x0000000087900000| Untracked 
|  88|0x0000000087a00000, 0x0000000087a00000, 0x0000000087b00000|  0%| F|  |TAMS 0x0000000087a00000, 0x0000000087a00000| Untracked 
|  89|0x0000000087b00000, 0x0000000087b00000, 0x0000000087c00000|  0%| F|  |TAMS 0x0000000087b00000, 0x0000000087b00000| Untracked 
|  90|0x0000000087c00000, 0x0000000087c00000, 0x0000000087d00000|  0%| F|  |TAMS 0x0000000087c00000, 0x0000000087c00000| Untracked 
|  91|0x0000000087d00000, 0x0000000087d00000, 0x0000000087e00000|  0%| F|  |TAMS 0x0000000087d00000, 0x0000000087d00000| Untracked 
|  92|0x0000000087e00000, 0x0000000087e00000, 0x0000000087f00000|  0%| F|  |TAMS 0x0000000087e00000, 0x0000000087e00000| Untracked 
|  93|0x0000000087f00000, 0x0000000087f00000, 0x0000000088000000|  0%| F|  |TAMS 0x0000000087f00000, 0x0000000087f00000| Untracked 
|  94|0x0000000088000000, 0x0000000088000000, 0x0000000088100000|  0%| F|  |TAMS 0x0000000088000000, 0x0000000088000000| Untracked 
|  95|0x0000000088100000, 0x0000000088100000, 0x0000000088200000|  0%| F|  |TAMS 0x0000000088100000, 0x0000000088100000| Untracked 
|  96|0x0000000088200000, 0x0000000088200000, 0x0000000088300000|  0%| F|  |TAMS 0x0000000088200000, 0x0000000088200000| Untracked 
|  97|0x0000000088300000, 0x0000000088300000, 0x0000000088400000|  0%| F|  |TAMS 0x0000000088300000, 0x0000000088300000| Untracked 
|  98|0x0000000088400000, 0x0000000088400000, 0x0000000088500000|  0%| F|  |TAMS 0x0000000088400000, 0x0000000088400000| Untracked 
|  99|0x0000000088500000, 0x000000008858e5c0, 0x0000000088600000| 55%| E|  |TAMS 0x0000000088500000, 0x0000000088500000| Complete 
| 100|0x0000000088600000, 0x0000000088700000, 0x0000000088700000|100%| E|CS|TAMS 0x0000000088600000, 0x0000000088600000| Complete 
| 101|0x0000000088700000, 0x0000000088800000, 0x0000000088800000|100%| E|CS|TAMS 0x0000000088700000, 0x0000000088700000| Complete 
| 102|0x0000000088800000, 0x0000000088900000, 0x0000000088900000|100%| E|CS|TAMS 0x0000000088800000, 0x0000000088800000| Complete 
| 103|0x0000000088900000, 0x0000000088a00000, 0x0000000088a00000|100%| E|CS|TAMS 0x0000000088900000, 0x0000000088900000| Complete 
| 104|0x0000000088a00000, 0x0000000088b00000, 0x0000000088b00000|100%| E|CS|TAMS 0x0000000088a00000, 0x0000000088a00000| Complete 
| 105|0x0000000088b00000, 0x0000000088c00000, 0x0000000088c00000|100%| E|CS|TAMS 0x0000000088b00000, 0x0000000088b00000| Complete 
| 106|0x0000000088c00000, 0x0000000088c4cae8, 0x0000000088d00000| 29%| S|CS|TAMS 0x0000000088c00000, 0x0000000088c00000| Complete 
| 107|0x0000000088d00000, 0x0000000088e00000, 0x0000000088e00000|100%| S|CS|TAMS 0x0000000088d00000, 0x0000000088d00000| Complete 
| 108|0x0000000088e00000, 0x0000000088f00000, 0x0000000088f00000|100%| S|CS|TAMS 0x0000000088e00000, 0x0000000088e00000| Complete 
| 109|0x0000000088f00000, 0x0000000089000000, 0x0000000089000000|100%| S|CS|TAMS 0x0000000088f00000, 0x0000000088f00000| Complete 
| 110|0x0000000089000000, 0x0000000089100000, 0x0000000089100000|100%| S|CS|TAMS 0x0000000089000000, 0x0000000089000000| Complete 
| 111|0x0000000089100000, 0x0000000089200000, 0x0000000089200000|100%| S|CS|TAMS 0x0000000089100000, 0x0000000089100000| Complete 
| 112|0x0000000089200000, 0x0000000089300000, 0x0000000089300000|100%| S|CS|TAMS 0x0000000089200000, 0x0000000089200000| Complete 
| 113|0x0000000089300000, 0x0000000089400000, 0x0000000089400000|100%| S|CS|TAMS 0x0000000089300000, 0x0000000089300000| Complete 
| 114|0x0000000089400000, 0x0000000089500000, 0x0000000089500000|100%| E|CS|TAMS 0x0000000089400000, 0x0000000089400000| Complete 
| 115|0x0000000089500000, 0x0000000089600000, 0x0000000089600000|100%| E|CS|TAMS 0x0000000089500000, 0x0000000089500000| Complete 
| 116|0x0000000089600000, 0x0000000089700000, 0x0000000089700000|100%| E|CS|TAMS 0x0000000089600000, 0x0000000089600000| Complete 
| 117|0x0000000089700000, 0x0000000089800000, 0x0000000089800000|100%| E|CS|TAMS 0x0000000089700000, 0x0000000089700000| Complete 
| 118|0x0000000089800000, 0x0000000089900000, 0x0000000089900000|100%| E|CS|TAMS 0x0000000089800000, 0x0000000089800000| Complete 
| 119|0x0000000089900000, 0x0000000089a00000, 0x0000000089a00000|100%| E|CS|TAMS 0x0000000089900000, 0x0000000089900000| Complete 
| 120|0x0000000089a00000, 0x0000000089b00000, 0x0000000089b00000|100%| E|CS|TAMS 0x0000000089a00000, 0x0000000089a00000| Complete 
| 121|0x0000000089b00000, 0x0000000089c00000, 0x0000000089c00000|100%| E|CS|TAMS 0x0000000089b00000, 0x0000000089b00000| Complete 
| 122|0x0000000089c00000, 0x0000000089d00000, 0x0000000089d00000|100%| E|CS|TAMS 0x0000000089c00000, 0x0000000089c00000| Complete 
| 123|0x0000000089d00000, 0x0000000089e00000, 0x0000000089e00000|100%| E|CS|TAMS 0x0000000089d00000, 0x0000000089d00000| Complete 
| 124|0x0000000089e00000, 0x0000000089f00000, 0x0000000089f00000|100%| E|CS|TAMS 0x0000000089e00000, 0x0000000089e00000| Complete 
| 125|0x0000000089f00000, 0x000000008a000000, 0x000000008a000000|100%| E|CS|TAMS 0x0000000089f00000, 0x0000000089f00000| Complete 

Card table byte_map: [0x000001b3f7870000,0x000001b3f7c60000] _byte_map_base: 0x000001b3f745f000

Marking Bits (Prev, Next): (CMBitMap*) 0x000001b3efde5d98, (CMBitMap*) 0x000001b3efde5dd0
 Prev Bits: [0x000001b3f8050000, 0x000001b3f9fc8000)
 Next Bits: [0x000001b3f9fd0000, 0x000001b3fbf48000)

Polling page: 0x000001b3ef580000

Metaspace:

Usage:
  Non-class:     31.92 MB capacity,    31.35 MB ( 98%) used,   472.42 KB (  1%) free+waste,   111.62 KB ( <1%) overhead. 
      Class:      4.46 MB capacity,     4.07 MB ( 91%) used,   342.85 KB (  8%) free+waste,    55.06 KB (  1%) overhead. 
       Both:     36.38 MB capacity,    35.42 MB ( 97%) used,   815.27 KB (  2%) free+waste,   166.69 KB ( <1%) overhead. 

Virtual space:
  Non-class space:       32.00 MB reserved,      32.00 MB (100%) committed 
      Class space:        1.00 GB reserved,       4.50 MB ( <1%) committed 
             Both:        1.03 GB reserved,      36.50 MB (  3%) committed 

Chunk freelists:
   Non-Class:  2.25 KB
       Class:  1.25 KB
        Both:  3.50 KB

CodeHeap 'non-profiled nmethods': size=120064Kb used=1961Kb max_used=1961Kb free=118102Kb
 bounds [0x000001b387ac0000, 0x000001b387d30000, 0x000001b38f000000]
CodeHeap 'profiled nmethods': size=120000Kb used=8342Kb max_used=8342Kb free=111657Kb
 bounds [0x000001b380590000, 0x000001b380dc0000, 0x000001b387ac0000]
CodeHeap 'non-nmethods': size=5696Kb used=1142Kb max_used=1199Kb free=4554Kb
 bounds [0x000001b380000000, 0x000001b380270000, 0x000001b380590000]
 total_blobs=4143 nmethods=3669 adapters=385
 compilation: enabled
              stopped_count=0, restarted_count=0
 full_count=0

Compilation events (10 events):
Event: 15.622 Thread 0x000001b3fed58800 3647       3       sun.nio.cs.UTF_8$Decoder::decodeLoop (28 bytes)
Event: 15.622 Thread 0x000001b3fed58800 nmethod 3647 0x000001b380d99e10 code [0x000001b380d99fe0, 0x000001b380d9a3b8]
Event: 15.644 Thread 0x000001b3fed56800 3648   !   4       java.net.URL::<init> (543 bytes)
Event: 15.667 Thread 0x000001b3fed58800 3649       3       java.lang.invoke.VarHandleObjects$FieldInstanceReadWrite::compareAndSet (38 bytes)
Event: 15.669 Thread 0x000001b3fed58800 nmethod 3649 0x000001b380d9a510 code [0x000001b380d9a760, 0x000001b380d9b0c8]
Event: 15.674 Thread 0x000001b3fed58800 3650       1       sun.util.calendar.CalendarDate::getYear (5 bytes)
Event: 15.674 Thread 0x000001b3fed58800 nmethod 3650 0x000001b387ca2890 code [0x000001b387ca2a20, 0x000001b387ca2ad8]
Event: 15.682 Thread 0x000001b3fed58800 3651   !   3       java.net.URL::getURLStreamHandler (191 bytes)
Event: 15.683 Thread 0x000001b3fed58800 nmethod 3651 0x000001b380d9b490 code [0x000001b380d9b720, 0x000001b380d9c5d8]
Event: 15.708 Thread 0x000001b3fed58800 3652       3       java.net.URL::isValidProtocol (78 bytes)

GC Heap History (10 events):
Event: 5.504 GC heap before
{Heap before GC invocations=2 (full 0):
 garbage-first heap   total 129024K, used 34482K [0x0000000082200000, 0x0000000100000000)
  region size 1024K, 29 young (29696K), 1 survivors (1024K)
 Metaspace       used 17844K, capacity 18408K, committed 18560K, reserved 1064960K
  class space    used 1947K, capacity 2163K, committed 2176K, reserved 1048576K
}
Event: 5.513 GC heap after
{Heap after GC invocations=3 (full 0):
 garbage-first heap   total 129024K, used 7295K [0x0000000082200000, 0x0000000100000000)
  region size 1024K, 2 young (2048K), 2 survivors (2048K)
 Metaspace       used 17844K, capacity 18408K, committed 18560K, reserved 1064960K
  class space    used 1947K, capacity 2163K, committed 2176K, reserved 1048576K
}
Event: 5.876 GC heap before
{Heap before GC invocations=3 (full 0):
 garbage-first heap   total 129024K, used 22655K [0x0000000082200000, 0x0000000100000000)
  region size 1024K, 18 young (18432K), 2 survivors (2048K)
 Metaspace       used 20565K, capacity 21156K, committed 21504K, reserved 1069056K
  class space    used 2223K, capacity 2440K, committed 2560K, reserved 1048576K
}
Event: 5.882 GC heap after
{Heap after GC invocations=4 (full 0):
 garbage-first heap   total 129024K, used 7696K [0x0000000082200000, 0x0000000100000000)
  region size 1024K, 3 young (3072K), 3 survivors (3072K)
 Metaspace       used 20565K, capacity 21156K, committed 21504K, reserved 1069056K
  class space    used 2223K, capacity 2440K, committed 2560K, reserved 1048576K
}
Event: 7.881 GC heap before
{Heap before GC invocations=5 (full 0):
 garbage-first heap   total 129024K, used 48656K [0x0000000082200000, 0x0000000100000000)
  region size 1024K, 44 young (45056K), 3 survivors (3072K)
 Metaspace       used 25498K, capacity 26150K, committed 26240K, reserved 1073152K
  class space    used 2875K, capacity 3127K, committed 3200K, reserved 1048576K
}
Event: 7.895 GC heap after
{Heap after GC invocations=6 (full 0):
 garbage-first heap   total 129024K, used 9557K [0x0000000082200000, 0x0000000100000000)
  region size 1024K, 5 young (5120K), 5 survivors (5120K)
 Metaspace       used 25498K, capacity 26150K, committed 26240K, reserved 1073152K
  class space    used 2875K, capacity 3127K, committed 3200K, reserved 1048576K
}
Event: 14.423 GC heap before
{Heap before GC invocations=6 (full 0):
 garbage-first heap   total 129024K, used 70997K [0x0000000082200000, 0x0000000100000000)
  region size 1024K, 65 young (66560K), 5 survivors (5120K)
 Metaspace       used 32385K, capacity 33289K, committed 33408K, reserved 1079296K
  class space    used 3771K, capacity 4163K, committed 4224K, reserved 1048576K
}
Event: 14.438 GC heap after
{Heap after GC invocations=7 (full 0):
 garbage-first heap   total 129024K, used 12592K [0x0000000082200000, 0x0000000100000000)
  region size 1024K, 8 young (8192K), 8 survivors (8192K)
 Metaspace       used 32385K, capacity 33289K, committed 33408K, reserved 1079296K
  class space    used 3771K, capacity 4163K, committed 4224K, reserved 1048576K
}
Event: 14.890 GC heap before
{Heap before GC invocations=7 (full 0):
 garbage-first heap   total 129024K, used 23856K [0x0000000082200000, 0x0000000100000000)
  region size 1024K, 20 young (20480K), 8 survivors (8192K)
 Metaspace       used 34809K, capacity 35749K, committed 35840K, reserved 1081344K
  class space    used 4022K, capacity 4427K, committed 4480K, reserved 1048576K
}
Event: 14.907 GC heap after
{Heap after GC invocations=8 (full 0):
 garbage-first heap   total 129024K, used 14903K [0x0000000082200000, 0x0000000100000000)
  region size 1024K, 8 young (8192K), 8 survivors (8192K)
 Metaspace       used 34809K, capacity 35749K, committed 35840K, reserved 1081344K
  class space    used 4022K, capacity 4427K, committed 4480K, reserved 1048576K
}

Deoptimization events (10 events):
Event: 14.925 Thread 0x000001b3feeec800 Uncommon trap: reason=unstable_if action=reinterpret pc=0x000001b387b2e780 method=java.lang.CharacterDataLatin1.isWhitespace(I)Z @ 14 c2
Event: 14.937 Thread 0x000001b3feeec800 Uncommon trap: reason=unstable_if action=reinterpret pc=0x000001b387b68298 method=java.lang.String.<init>([CIILjava/lang/Void;)V @ 43 c2
Event: 15.101 Thread 0x000001b3feeec800 Uncommon trap: reason=unstable_if action=reinterpret pc=0x000001b387c8cc08 method=java.util.jar.Manifest$FastInputStream.readLine([BII)I @ 130 c2
Event: 15.178 Thread 0x000001b3feeec800 Uncommon trap: reason=array_check action=maybe_recompile pc=0x000001b387c5e210 method=java.util.AbstractCollection.toArray([Ljava/lang/Object;)[Ljava/lang/Object; @ 116 c2
Event: 15.213 Thread 0x000001b3feeec800 Uncommon trap: reason=unstable_if action=reinterpret pc=0x000001b387adee04 method=java.lang.StringCoding.encodeUTF8(B[BZ)[B @ 2 c2
Event: 15.298 Thread 0x000001b3feeec800 Uncommon trap: reason=null_check action=make_not_entrant pc=0x000001b387b8921c method=java.net.URL.getURLStreamHandler(Ljava/lang/String;)Ljava/net/URLStreamHandler; @ 7 c2
Event: 15.308 Thread 0x000001b3feeec800 Uncommon trap: reason=class_check action=maybe_recompile pc=0x000001b387bf7538 method=java.util.zip.InflaterInputStream.read([BII)I @ 100 c2
Event: 15.308 Thread 0x000001b3feeec800 Uncommon trap: reason=class_check action=maybe_recompile pc=0x000001b387bf7538 method=java.util.zip.InflaterInputStream.read([BII)I @ 100 c2
Event: 15.312 Thread 0x000001b3feeec800 Uncommon trap: reason=class_check action=maybe_recompile pc=0x000001b387bf7538 method=java.util.zip.InflaterInputStream.read([BII)I @ 100 c2
Event: 15.314 Thread 0x000001b3feeec800 Uncommon trap: reason=class_check action=maybe_recompile pc=0x000001b387bf7538 method=java.util.zip.InflaterInputStream.read([BII)I @ 100 c2

Classes redefined (0 events):
No events

Internal exceptions (10 events):
Event: 11.284 Thread 0x000001b3feeec800 Exception <a 'java/lang/NoSuchMethodError'{0x000000008662b430}: java.lang.invoke.DirectMethodHandle$Holder.invokeSpecial(Ljava/lang/Object;Ljava/lang/Object;Ljava/lang/Object;Ljava/lang/Object;Ljava/lang/Object;)I> (0x000000008662b430) thrown at [./open/s
Event: 11.339 Thread 0x000001b3feeec800 Exception <a 'java/lang/NoSuchMethodError'{0x00000000866dcdb8}: java.lang.invoke.DirectMethodHandle$Holder.invokeInterface(Ljava/lang/Object;Ljava/lang/Object;I)V> (0x00000000866dcdb8) thrown at [./open/src/hotspot/share/interpreter/linkResolver.cpp, line
Event: 11.367 Thread 0x000001b3feeec800 Exception <a 'java/lang/IncompatibleClassChangeError'{0x0000000086528768}: Found class java.lang.Object, but interface was expected> (0x0000000086528768) thrown at [./open/src/hotspot/share/interpreter/linkResolver.cpp, line 838]
Event: 11.368 Thread 0x000001b3feeec800 Exception <a 'java/lang/NoSuchMethodError'{0x000000008652d608}: java.lang.invoke.DirectMethodHandle$Holder.invokeStatic(Ljava/lang/Object;ILjava/lang/Object;)V> (0x000000008652d608) thrown at [./open/src/hotspot/share/interpreter/linkResolver.cpp, line 77
Event: 11.961 Thread 0x000001b3feeec800 Exception <a 'java/lang/NoSuchMethodError'{0x0000000086035c78}: java.lang.invoke.DirectMethodHandle$Holder.invokeStaticInit(Ljava/lang/Object;IIII)Ljava/lang/Object;> (0x0000000086035c78) thrown at [./open/src/hotspot/share/interpreter/linkResolver.cpp, l
Event: 14.369 Thread 0x000001b3feeec800 Exception <a 'java/lang/NoSuchMethodError'{0x00000000860acd30}: java.lang.invoke.DirectMethodHandle$Holder.invokeStaticInit(Ljava/lang/Object;Ljava/lang/Object;IIII)Ljava/lang/Object;> (0x00000000860acd30) thrown at [./open/src/hotspot/share/interpreter/l
Event: 15.161 Thread 0x000001b3feeec800 Exception <a 'sun/nio/fs/WindowsException'{0x00000000898f3070}> (0x00000000898f3070) thrown at [./open/src/hotspot/share/prims/jni.cpp, line 611]
Event: 15.163 Thread 0x000001b3feeec800 Exception <a 'sun/nio/fs/WindowsException'{0x00000000898f8e70}> (0x00000000898f8e70) thrown at [./open/src/hotspot/share/prims/jni.cpp, line 611]
Event: 15.163 Thread 0x000001b3feeec800 Exception <a 'sun/nio/fs/WindowsException'{0x00000000898f9548}> (0x00000000898f9548) thrown at [./open/src/hotspot/share/prims/jni.cpp, line 611]
Event: 15.298 Thread 0x000001b3feeec800 Implicit null exception at 0x000001b387b871fc to 0x000001b387b89204

Events (10 events):
Event: 15.675 loading class org/apache/catalina/authenticator/LocalStrings
Event: 15.675 loading class org/apache/catalina/authenticator/LocalStrings done
Event: 15.681 loading class org/apache/catalina/authenticator/LocalStrings_ko
Event: 15.681 loading class org/apache/catalina/authenticator/LocalStrings_ko done
Event: 15.685 loading class org/apache/catalina/authenticator/LocalStrings_ko_KR
Event: 15.685 loading class org/apache/catalina/authenticator/LocalStrings_ko_KR done
Event: 15.687 loading class org/apache/catalina/authenticator/AuthenticatorBase$AllowCorsPreflight
Event: 15.687 loading class org/apache/catalina/authenticator/AuthenticatorBase$AllowCorsPreflight done
Event: 15.688 loading class org/springframework/boot/web/servlet/server/StaticResourceJars
Event: 15.688 loading class org/springframework/boot/web/servlet/server/StaticResourceJars done


Dynamic libraries:
0x00007ff769e60000 - 0x00007ff769e70000 	C:\Program Files\Java\jdk-11\bin\javaw.exe
0x00007ffe5c1d0000 - 0x00007ffe5c3c8000 	C:\WINDOWS\SYSTEM32\ntdll.dll
0x00007ffe5a4b0000 - 0x00007ffe5a56f000 	C:\WINDOWS\System32\KERNEL32.DLL
0x00007ffe598e0000 - 0x00007ffe59bd6000 	C:\WINDOWS\System32\KERNELBASE.dll
0x00007ffe5a0a0000 - 0x00007ffe5a1a0000 	C:\WINDOWS\System32\ucrtbase.dll
0x00007ffe523a0000 - 0x00007ffe523b8000 	C:\Program Files\Java\jdk-11\bin\jli.dll
0x00007ffe5a570000 - 0x00007ffe5a61f000 	C:\WINDOWS\System32\ADVAPI32.dll
0x00007ffe5a230000 - 0x00007ffe5a2ce000 	C:\WINDOWS\System32\msvcrt.dll
0x00007ffe5bee0000 - 0x00007ffe5bf7c000 	C:\WINDOWS\System32\sechost.dll
0x00007ffe5a320000 - 0x00007ffe5a446000 	C:\WINDOWS\System32\RPCRT4.dll
0x00007ffe5bf80000 - 0x00007ffe5c11d000 	C:\WINDOWS\System32\USER32.dll
0x00007ffe59be0000 - 0x00007ffe59c02000 	C:\WINDOWS\System32\win32u.dll
0x00007ffe5a6a0000 - 0x00007ffe5a6cc000 	C:\WINDOWS\System32\GDI32.dll
0x00007ffe59c10000 - 0x00007ffe59d25000 	C:\WINDOWS\System32\gdi32full.dll
0x00007ffe59f40000 - 0x00007ffe59fdd000 	C:\WINDOWS\System32\msvcp_win.dll
0x00007ffe4a8d0000 - 0x00007ffe4a8eb000 	C:\Program Files\Java\jdk-11\bin\VCRUNTIME140.dll
0x00007ffe58c40000 - 0x00007ffe58eda000 	C:\WINDOWS\WinSxS\amd64_microsoft.windows.common-controls_6595b64144ccf1df_6.0.19041.1110_none_60b5254171f9507e\COMCTL32.dll
0x00007ffe571e0000 - 0x00007ffe571ea000 	C:\WINDOWS\SYSTEM32\VERSION.dll
0x00007ffe5a2f0000 - 0x00007ffe5a320000 	C:\WINDOWS\System32\IMM32.DLL
0x00007ffe567b0000 - 0x00007ffe567bc000 	C:\Program Files\Java\jdk-11\bin\vcruntime140_1.dll
0x00007ffe314b0000 - 0x00007ffe3153e000 	C:\Program Files\Java\jdk-11\bin\msvcp140.dll
0x00007ffe25050000 - 0x00007ffe25bb8000 	C:\Program Files\Java\jdk-11\bin\server\jvm.dll
0x00007ffe5a2d0000 - 0x00007ffe5a2d8000 	C:\WINDOWS\System32\PSAPI.DLL
0x00007ffe457e0000 - 0x00007ffe457e9000 	C:\WINDOWS\SYSTEM32\WSOCK32.dll
0x00007ffe5c120000 - 0x00007ffe5c18b000 	C:\WINDOWS\System32\WS2_32.dll
0x00007ffe45550000 - 0x00007ffe45577000 	C:\WINDOWS\SYSTEM32\WINMM.dll
0x00007ffe57a90000 - 0x00007ffe57aa2000 	C:\WINDOWS\SYSTEM32\kernel.appcore.dll
0x00007ffe51880000 - 0x00007ffe51890000 	C:\Program Files\Java\jdk-11\bin\verify.dll
0x00007ffe59030000 - 0x00007ffe59214000 	C:\WINDOWS\SYSTEM32\DBGHELP.DLL
0x00007ffe58ff0000 - 0x00007ffe59024000 	C:\WINDOWS\SYSTEM32\dbgcore.DLL
0x00007ffe5a1a0000 - 0x00007ffe5a222000 	C:\WINDOWS\System32\bcryptPrimitives.dll
0x00007ffe45740000 - 0x00007ffe45768000 	C:\Program Files\Java\jdk-11\bin\java.dll
0x00007ffe4dfe0000 - 0x00007ffe4dfea000 	C:\Program Files\Java\jdk-11\bin\jimage.dll
0x00007ffe45720000 - 0x00007ffe45737000 	C:\Program Files\Java\jdk-11\bin\zip.dll
0x00007ffe5a6d0000 - 0x00007ffe5ae14000 	C:\WINDOWS\System32\SHELL32.dll
0x00007ffe572e0000 - 0x00007ffe57a73000 	C:\WINDOWS\SYSTEM32\windows.storage.dll
0x00007ffe5ae20000 - 0x00007ffe5b174000 	C:\WINDOWS\System32\combase.dll
0x00007ffe58ba0000 - 0x00007ffe58bce000 	C:\WINDOWS\SYSTEM32\Wldp.dll
0x00007ffe5bb10000 - 0x00007ffe5bbbd000 	C:\WINDOWS\System32\SHCORE.dll
0x00007ffe5b900000 - 0x00007ffe5b955000 	C:\WINDOWS\System32\shlwapi.dll
0x00007ffe597f0000 - 0x00007ffe5980f000 	C:\WINDOWS\SYSTEM32\profapi.dll
0x00007ffe44100000 - 0x00007ffe44119000 	C:\Program Files\Java\jdk-11\bin\net.dll
0x00007ffe4e3f0000 - 0x00007ffe4e4fa000 	C:\WINDOWS\SYSTEM32\WINHTTP.dll
0x00007ffe58a70000 - 0x00007ffe58ada000 	C:\WINDOWS\system32\mswsock.dll
0x00007ffe440e0000 - 0x00007ffe440f2000 	C:\Program Files\Java\jdk-11\bin\nio.dll
0x00007ffe52cf0000 - 0x00007ffe52cf9000 	C:\Program Files\Java\jdk-11\bin\management.dll
0x00007ffe529c0000 - 0x00007ffe529cb000 	C:\Program Files\Java\jdk-11\bin\management_ext.dll
0x00007ffe45360000 - 0x00007ffe45377000 	C:\WINDOWS\system32\napinsp.dll
0x00007ffe45340000 - 0x00007ffe4535b000 	C:\WINDOWS\system32\pnrpnsp.dll
0x00007ffe537a0000 - 0x00007ffe537b5000 	C:\WINDOWS\system32\wshbth.dll
0x00007ffe54260000 - 0x00007ffe5427d000 	C:\WINDOWS\system32\NLAapi.dll
0x00007ffe585f0000 - 0x00007ffe5862c000 	C:\WINDOWS\SYSTEM32\IPHLPAPI.DLL
0x00007ffe58630000 - 0x00007ffe586fb000 	C:\WINDOWS\SYSTEM32\DNSAPI.dll
0x00007ffe5a2e0000 - 0x00007ffe5a2e8000 	C:\WINDOWS\System32\NSI.dll
0x00007ffe45320000 - 0x00007ffe45332000 	C:\WINDOWS\System32\winrnr.dll
0x00007ffe485a0000 - 0x00007ffe485aa000 	C:\Windows\System32\rasadhlp.dll
0x00007ffe48750000 - 0x00007ffe487d2000 	C:\WINDOWS\System32\fwpuclnt.dll
0x00007ffe598b0000 - 0x00007ffe598d7000 	C:\WINDOWS\System32\bcrypt.dll
0x00007ffe59560000 - 0x00007ffe59578000 	C:\WINDOWS\SYSTEM32\CRYPTSP.dll
0x00007ffe58280000 - 0x00007ffe582b4000 	C:\WINDOWS\system32\rsaenh.dll
0x00007ffe597b0000 - 0x00007ffe597de000 	C:\WINDOWS\SYSTEM32\USERENV.dll
0x00007ffe58b60000 - 0x00007ffe58b6c000 	C:\WINDOWS\SYSTEM32\CRYPTBASE.dll
0x00007ffe4e6c0000 - 0x00007ffe4e6d7000 	C:\WINDOWS\SYSTEM32\dhcpcsvc6.DLL
0x00007ffe4f960000 - 0x00007ffe4f97d000 	C:\WINDOWS\SYSTEM32\dhcpcsvc.DLL
0x00007ffe43aa0000 - 0x00007ffe43aad000 	C:\Program Files\Java\jdk-11\bin\sunmscapi.dll
0x00007ffe59d30000 - 0x00007ffe59e8e000 	C:\WINDOWS\System32\CRYPT32.dll
0x00007ffe58c10000 - 0x00007ffe58c38000 	C:\WINDOWS\SYSTEM32\ncrypt.dll
0x00007ffe58bd0000 - 0x00007ffe58c0b000 	C:\WINDOWS\SYSTEM32\NTASN1.dll
0x00007ffe3dd40000 - 0x00007ffe3dd67000 	C:\Program Files\Java\jdk-11\bin\sunec.dll

dbghelp: loaded successfully - version: 4.0.5 - missing functions: none
symbol engine: initialized successfully - sym options: 0x614 - pdb path: .;C:\Program Files\Java\jdk-11\bin;C:\WINDOWS\SYSTEM32;C:\WINDOWS\WinSxS\amd64_microsoft.windows.common-controls_6595b64144ccf1df_6.0.19041.1110_none_60b5254171f9507e;C:\Program Files\Java\jdk-11\bin\server

VM Arguments:
jvm_args: -Dfile.encoding=UTF-8 
java_command: com.multicamp.demo.SpringNcpAiApplication
java_class_path (initial): C:\myjava\SpringWorkspace\SpringNCPAi\target\classes;C:\apache-tomcat-9.0.73\lib\annotations-api.jar;C:\apache-tomcat-9.0.73\lib\catalina-ant.jar;C:\apache-tomcat-9.0.73\lib\catalina-ha.jar;C:\apache-tomcat-9.0.73\lib\catalina-ssi.jar;C:\apache-tomcat-9.0.73\lib\catalina-storeconfig.jar;C:\apache-tomcat-9.0.73\lib\catalina-tribes.jar;C:\apache-tomcat-9.0.73\lib\catalina.jar;C:\apache-tomcat-9.0.73\lib\ecj-4.20.jar;C:\apache-tomcat-9.0.73\lib\el-api.jar;C:\apache-tomcat-9.0.73\lib\jasper-el.jar;C:\apache-tomcat-9.0.73\lib\jasper.jar;C:\apache-tomcat-9.0.73\lib\jaspic-api.jar;C:\apache-tomcat-9.0.73\lib\jsp-api.jar;C:\apache-tomcat-9.0.73\lib\ojdbc6.jar;C:\apache-tomcat-9.0.73\lib\servlet-api.jar;C:\apache-tomcat-9.0.73\lib\tomcat-api.jar;C:\apache-tomcat-9.0.73\lib\tomcat-coyote.jar;C:\apache-tomcat-9.0.73\lib\tomcat-dbcp.jar;C:\apache-tomcat-9.0.73\lib\tomcat-i18n-cs.jar;C:\apache-tomcat-9.0.73\lib\tomcat-i18n-de.jar;C:\apache-tomcat-9.0.73\lib\tomcat-i18n-es.jar;C:\apache-tomcat-9.0.73\lib\tomcat-i18n-fr.jar;C:\apache-tomcat-9.0.73\lib\tomcat-i18n-ja.jar;C:\apache-tomcat-9.0.73\lib\tomcat-i18n-ko.jar;C:\apache-tomcat-9.0.73\lib\tomcat-i18n-pt-BR.jar;C:\apache-tomcat-9.0.73\lib\tomcat-i18n-ru.jar;C:\apache-tomcat-9.0.73\lib\tomcat-i18n-zh-CN.jar;C:\apache-tomcat-9.0.73\lib\tomcat-jdbc.jar;C:\apache-tomcat-9.0.73\lib\tomcat-jni.jar;C:\apache-tomcat-9.0.73\lib\tomcat-util-scan.jar;C:\apache-tomcat-9.0.73\lib\tomcat-util.jar;C:\apache-tomcat-9.0.73\lib\tomcat-websocket.jar;C:\apache-tomcat-9.0.73\lib\websocket-api.jar;C:\Users\sulim\.m2\repository\org\springframework\boot\spring-boot-starter-jdbc\2.7.12\spring-boot-starter-jdbc-2.7.12.jar;C:\Users\sulim\.m2\repository\org\springframework\boot\spring-boot-starter\2.7.12\spring-boot-starter-2.7.12.jar;C:\Users\sulim\.m2\repository\org\springframework\boot\spring-boot-starter-logging\2.7.12\spring-boot-starter-logging-2.7.12.jar;C:\Users\sulim\.m2\repository\ch\qos\logback\logback-classic\1.2.
Launcher Type: SUN_STANDARD

[Global flags]
     intx CICompilerCount                          = 3                                         {product} {ergonomic}
     uint ConcGCThreads                            = 1                                         {product} {ergonomic}
     uint G1ConcRefinementThreads                  = 4                                         {product} {ergonomic}
   size_t G1HeapRegionSize                         = 1048576                                   {product} {ergonomic}
    uintx GCDrainStackTargetSize                   = 64                                        {product} {ergonomic}
   size_t InitialHeapSize                          = 132120576                                 {product} {ergonomic}
   size_t MarkStackSize                            = 4194304                                   {product} {ergonomic}
   size_t MaxHeapSize                              = 2111832064                                {product} {ergonomic}
   size_t MaxNewSize                               = 1266679808                                {product} {ergonomic}
   size_t MinHeapDeltaBytes                        = 1048576                                   {product} {ergonomic}
    uintx NonNMethodCodeHeapSize                   = 5830732                                {pd product} {ergonomic}
    uintx NonProfiledCodeHeapSize                  = 122913754                              {pd product} {ergonomic}
    uintx ProfiledCodeHeapSize                     = 122913754                              {pd product} {ergonomic}
    uintx ReservedCodeCacheSize                    = 251658240                              {pd product} {ergonomic}
     bool SegmentedCodeCache                       = true                                      {product} {ergonomic}
     bool UseCompressedClassPointers               = true                                 {lp64_product} {ergonomic}
     bool UseCompressedOops                        = true                                 {lp64_product} {ergonomic}
     bool UseG1GC                                  = true                                      {product} {ergonomic}
     bool UseLargePagesIndividualAllocation        = false                                  {pd product} {ergonomic}

Logging:
Log output configuration:
 #0: stdout all=warning uptime,level,tags
 #1: stderr all=off uptime,level,tags

Environment Variables:
JAVA_HOME=C:\Program Files\Java\jdk-11
JRE_HOME=C:\Program Files\Java\jdk-11
CLASSPATH=.
PATH=C:\oraclexe\app\oracle\product\11.2.0\server\bin;C:\Program Files\Common Files\Oracle\Java\javapath;"c:\jdk-11\bin;C:\Program Files\Common Files\Oracle\Java\javapath";C:\Program Files (x86)\Common Files\Oracle\Java\javapath;C:\Program Files (x86)\Intel\iCLS Client\;C:\Program Files\Intel\iCLS Client\;C:\WINDOWS\system32;C:\WINDOWS;C:\WINDOWS\System32\Wbem;C:\WINDOWS\System32\WindowsPowerShell\v1.0\;C:\Program Files (x86)\Intel\Intel(R) Management Engine Components\DAL;C:\Program Files\Intel\Intel(R) Management Engine Components\DAL;C:\Program Files (x86)\Intel\Intel(R) Management Engine Components\IPT;C:\Program Files\Intel\Intel(R) Management Engine Components\IPT;C:\WINDOWS\System32\OpenSSH\;C:\Program Files\Microsoft SQL Server\120\Tools\Binn\;C:\Program Files\Common Files\Autodesk Shared\;C:\Program Files\Git\cmd;C:\Python311\Scripts\;C:\Python311\;C:\Users\sulim\AppData\Local\Microsoft\WindowsApps;C:\Program Files\Bandizip\;C:\Users\sulim\AppData\Local\Programs\Microsoft VS Code\bin;C:\Program Files\Java\jdk-11\bin;c:\jdk-11\bin;C:\Program Files\Java\jdk-11\bin;C:\apache-tomcat-9.0.73\BIN;C:\dev_tools\flutter\flutter\bin;C:\Program Files\MongoDB\Server\5.0\bin;
USERNAME=sulim
OS=Windows_NT
PROCESSOR_IDENTIFIER=Intel64 Family 6 Model 78 Stepping 3, GenuineIntel



---------------  S Y S T E M  ---------------

OS: Windows 10 , 64 bit Build 19041 (10.0.19041.2913)

CPU:total 4 (initial active 4) (2 cores per cpu, 2 threads per core) family 6 model 78 stepping 3 microcode 0xcc, cmov, cx8, fxsr, mmx, sse, sse2, sse3, ssse3, sse4.1, sse4.2, popcnt, avx, avx2, aes, clmul, erms, 3dnowpref, lzcnt, ht, tsc, tscinvbit, bmi1, bmi2, adx, fma

Memory: 4k page, system-wide physical 8055M (1455M free)
TotalPageFile size 13431M (AvailPageFile size 2629M)
current process WorkingSet (physical memory assigned to process): 204M, peak: 204M
current process commit charge ("private bytes"): 281M, peak: 281M

vm_info: Java HotSpot(TM) 64-Bit Server VM (11.0.18+9-LTS-195) for windows-amd64 JRE (11.0.18+9-LTS-195), built on Dec  6 2022 15:50:58 by "mach5one" with MS VC++ 17.1 (VS2022)

END.
